Gurobi Optimizer version 10.0.0 build v10.0.0rc2 (linux64)

CPU model: Intel(R) Xeon(R) Gold 6336Y CPU @ 2.40GHz, instruction set [SSE2|AVX|AVX2|AVX512]
Thread count: 48 physical cores, 48 logical processors, using up to 8 threads

Optimize a model with 9414 rows, 100 columns and 941400 nonzeros
Model fingerprint: 0x692b5e6c
Coefficient statistics:
  Matrix range     [1e+00, 1e+00]
  Objective range  [1e+00, 1e+00]
  Bounds range     [0e+00, 0e+00]
  RHS range        [5e-01, 1e+00]
Presolve removed 8481 rows and 0 columns
Presolve time: 0.22s
Presolved: 933 rows, 100 columns, 93300 nonzeros

Iteration    Objective       Primal Inf.    Dual Inf.      Time
       0    0.0000000e+00   2.060000e+02   0.000000e+00      0s
     213    6.4090909e+00   0.000000e+00   0.000000e+00      0s

Solved in 213 iterations and 0.27 seconds (0.52 work units)
Optimal objective  6.409090909e+00
[0.0, 0.0, 0.0, 0.0, 0.0, 0.02272727272727265, 0.6818181818181821, 0.0, 0.0, 0.0, 0.25000000000000006, 0.24999999999999992, 0.0, 0.4772727272727272, 0.0, 0.0, 0.0, 0.022727272727272343, 0.25, 0.06818181818181823, 0.0, 0.0, 0.0, 0.09090909090909066, 0.0, 0.0, 0.0, 0.0, 0.0, 0.0, 0.0, 0.0, 0.0, 0.0, 0.022727272727272818, 0.2499999999999999, 0.0, 0.0, 0.13636363636363574, 0.25, 0.0, 0.25, 0.0, 0.0, 0.0, 0.0, 0.0, 0.0, 0.25, 0.0, 0.02272727272727347, 0.0, 0.0, 0.31818181818181834, 0.0, 0.0, 0.0, 0.22727272727272693, 0.045454545454544915, 0.0, 0.3863636363636367, 0.25, 0.25, 0.0, 0.0, 0.0, 0.0, 0.20454545454545492, 0.04545454545454533, 0.0, 0.0, 0.0, 0.0, 0.0, 0.22727272727272735, 0.15909090909090923, 0.0, 0.4318181818181819, 0.0, 0.0, 0.0, 0.0, 0.0909090909090916, 0.09090909090909058, 0.0, 0.0, 0.0, 0.11363636363636334, 0.24999999999999986, 0.0, 0.0, 0.0, 0.0, 0.022727272727272374, 0.0, 0.0, 0.0, 0.0, 0.0, 0.0]
Set parameter Threads to value 8
Gurobi Optimizer version 10.0.0 build v10.0.0rc2 (linux64)

CPU model: Intel(R) Xeon(R) Gold 6336Y CPU @ 2.40GHz, instruction set [SSE2|AVX|AVX2|AVX512]
Thread count: 48 physical cores, 48 logical processors, using up to 8 threads

Optimize a model with 9414 rows, 100 columns and 941400 nonzeros
Model fingerprint: 0x49f0d6f1
Coefficient statistics:
  Matrix range     [1e+00, 1e+00]
  Objective range  [1e+00, 1e+00]
  Bounds range     [0e+00, 0e+00]
  RHS range        [5e-01, 1e+00]
Presolve removed 8553 rows and 1 columns
Presolve time: 0.24s
Presolved: 861 rows, 99 columns, 85239 nonzeros

Iteration    Objective       Primal Inf.    Dual Inf.      Time
       0    0.0000000e+00   2.030000e+02   0.000000e+00      0s
     126    5.0000000e+00   0.000000e+00   0.000000e+00      0s

Solved in 126 iterations and 0.28 seconds (0.49 work units)
Optimal objective  5.000000000e+00
[0.0, 0.0, 0.0, 0.0, 0.24999999999999983, 0.0, 0.0, 0.0, 0.0, 0.0, 0.10714285714285643, 0.0, 0.07142857142857145, 0.0, 0.0, 0.0, 0.0, 0.0, 0.0, 0.0, 0.2500000000000014, 0.0, 0.35714285714285793, 0.0, 0.0, 0.0, 0.0, 0.0, 0.0, 0.0, 0.0, 0.0, 0.0, 0.14285714285714318, 0.0, 0.0, 0.0, 0.0, 0.0, 0.25000000000000006, 0.0, 0.0, 0.0, 0.4285714285714281, 0.0, 0.0, 0.0, 0.0, 0.0, 0.0, 0.0, 0.0, 0.0, 0.0, 0.25000000000000006, 0.0, 0.0, 0.0, 0.0, 0.0, 0.0, 0.4999999999999996, 0.0, 0.0, 0.0, 0.0, 0.0, 0.3214285714285715, 0.10714285714285676, 0.0, 0.0, 0.0, 0.0, 0.0, 0.5000000000000002, 0.14285714285714235, 0.0, 0.0, 0.0, 0.25000000000000006, 0.0, 0.0, 0.0, 0.5714285714285714, 0.0, 0.0, 0.0, 0.3571428571428577, 0.0, 0.0, 0.0, 0.0, 0.0, 0.0, 0.0, 0.1428571428571434, 0.0, 0.0, 0.0, 0.0]
Set parameter Threads to value 8
Gurobi Optimizer version 10.0.0 build v10.0.0rc2 (linux64)

CPU model: Intel(R) Xeon(R) Gold 6336Y CPU @ 2.40GHz, instruction set [SSE2|AVX|AVX2|AVX512]
Thread count: 48 physical cores, 48 logical processors, using up to 8 threads

Optimize a model with 9414 rows, 100 columns and 941400 nonzeros
Model fingerprint: 0x725c6e29
Coefficient statistics:
  Matrix range     [1e+00, 1e+00]
  Objective range  [1e+00, 1e+00]
  Bounds range     [0e+00, 0e+00]
  RHS range        [5e-01, 1e+00]
Presolve removed 8451 rows and 0 columns
Presolve time: 0.25s
Presolved: 963 rows, 100 columns, 96300 nonzeros

Iteration    Objective       Primal Inf.    Dual Inf.      Time
       0    0.0000000e+00   1.920000e+02   0.000000e+00      0s
     128    2.1725352e+00   0.000000e+00   0.000000e+00      0s

Solved in 128 iterations and 0.28 seconds (0.52 work units)
Optimal objective  2.172535211e+00
[0.0, 0.12323943661971828, 0.0, 0.0, 0.0, 0.2500000000000001, 0.0, 0.0, 0.0, 0.06866197183098594, 0.022887323943662014, 0.0, 0.0, 0.0, 0.20598591549295772, 0.0, 0.12323943661971828, 0.0, 0.0, 0.0, 0.0, 0.0, 0.12676056338028172, 0.0, 0.0, 0.0, 0.0, 0.0, 0.0, 0.0, 0.0, 0.0, 0.0, 0.0, 0.0, 0.0, 0.0035211267605632923, 0.0, 0.0, 0.0, 0.01936619718309858, 0.0, 0.0, 0.0, 0.0, 0.0, 0.0, 0.0, 0.0, 0.0, 0.0, 0.0, 0.04401408450704225, 0.12500000000000006, 0.010563380281690099, 0.0, 0.0, 0.0, 0.0, 0.0, 0.0, 0.0, 0.10387323943661966, 0.0, 0.0, 0.0, 0.0, 0.0, 0.0, 0.23063380281690138, 0.10211267605633809, 0.0, 0.01936619718309862, 0.0, 0.0, 0.02112676056338031, 0.0, 0.12676056338028166, 0.0, 0.0, 0.0, 0.0, 0.0, 0.0, 0.08978873239436617, 0.12676056338028172, 0.11971830985915496, 0.0, 0.0, 0.0, 0.0, 0.0, 0.0, 0.0, 0.0, 0.0, 0.0, 0.0, 0.0, 0.10915492957746478]
Set parameter Threads to value 8
Set parameter TokenServer to value "licences.gerad.lan"
Set parameter Threads to value 8
Gurobi Optimizer version 10.0.0 build v10.0.0rc2 (linux64)

CPU model: Intel(R) Xeon(R) Gold 6336Y CPU @ 2.40GHz, instruction set [SSE2|AVX|AVX2|AVX512]
Thread count: 48 physical cores, 48 logical processors, using up to 8 threads

Optimize a model with 9414 rows, 100 columns and 941400 nonzeros
Model fingerprint: 0x35abc34d
Coefficient statistics:
  Matrix range     [1e+00, 1e+00]
  Objective range  [1e+00, 1e+00]
  Bounds range     [0e+00, 0e+00]
  RHS range        [1e+00, 1e+00]
Presolve removed 8481 rows and 0 columns
Presolve time: 0.22s
Presolved: 933 rows, 100 columns, 93300 nonzeros

Iteration    Objective       Primal Inf.    Dual Inf.      Time
       0    0.0000000e+00   4.110000e+02   0.000000e+00      0s
     184    1.2818182e+01   0.000000e+00   0.000000e+00      0s

Solved in 184 iterations and 0.28 seconds (0.51 work units)
Optimal objective  1.281818182e+01
[0.0, 0.0, 0.0, 0.0, 0.0, 0.04545454545454519, 1.3636363636363638, 0.0, 0.0, 0.0, 0.5, 0.5, 0.0, 0.9545454545454541, 0.0, 0.0, 0.0, 0.0, 0.5, 0.13636363636363646, 0.0, 0.0, 0.0, 0.1818181818181821, 0.0, 0.0, 0.0, 0.0, 0.0, 0.0, 0.0, 0.0, 0.0, 0.0, 0.04545454545454586, 0.5000000000000013, 0.0, 0.0, 0.0, 0.5, 0.0, 0.5, 0.0, 0.0, 0.0, 0.0, 0.0, 0.0, 0.5000000000000004, 0.0, 0.3636363636363635, 0.0, 0.0, 0.6363636363636362, 0.0, 0.0, 0.0, 0.0, 0.09090909090909038, 0.0, 0.7727272727272723, 0.5, 0.5, 0.0, 0.0, 0.0, 0.0, 0.40909090909090895, 0.09090909090909016, 0.0, 0.0, 0.0, 0.0, 0.0, 0.4545454545454548, 0.318181818181819, 0.0, 0.8636363636363631, 0.0, 0.0, 0.0, 0.0, 0.6363636363636365, 0.1818181818181821, 0.0, 0.0, 0.0, 0.2272727272727273, 0.5, 0.0, 0.0, 0.0, 0.0, 0.045454545454546524, 0.0, 0.0, 0.0, 0.0, 0.0, 0.0]
Set parameter Threads to value 8
Gurobi Optimizer version 10.0.0 build v10.0.0rc2 (linux64)

CPU model: Intel(R) Xeon(R) Gold 6336Y CPU @ 2.40GHz, instruction set [SSE2|AVX|AVX2|AVX512]
Thread count: 48 physical cores, 48 logical processors, using up to 8 threads

Optimize a model with 9414 rows, 100 columns and 941400 nonzeros
Model fingerprint: 0x5f63e364
Coefficient statistics:
  Matrix range     [1e+00, 1e+00]
  Objective range  [1e+00, 1e+00]
  Bounds range     [0e+00, 0e+00]
  RHS range        [1e+00, 1e+00]
Presolve removed 8553 rows and 1 columns
Presolve time: 0.23s
Presolved: 861 rows, 99 columns, 85239 nonzeros

Iteration    Objective       Primal Inf.    Dual Inf.      Time
       0    0.0000000e+00   4.050000e+02   0.000000e+00      0s
     125    1.0000000e+01   0.000000e+00   0.000000e+00      0s

Solved in 125 iterations and 0.26 seconds (0.49 work units)
Optimal objective  1.000000000e+01
[0.0, 1.0, 0.5, 0.0, 0.5, 0.0, 0.0, 0.0, 0.0, 0.0, 0.0, 0.0, 0.0, 0.0, 0.0, 0.0, 0.0, 0.0, 0.0, 0.0, 0.5, 0.0, 1.0, 0.0, 0.0, 0.0, 0.0, 0.0, 0.0, 0.0, 0.0, 0.0, 0.0, 0.5, 0.0, 0.0, 0.0, 0.0, 0.0, 0.5, 0.0, 0.0, 0.0, 0.0, 0.0, 0.0, 0.0, 0.0, 0.0, 0.0, 0.0, 0.0, 0.0, 0.0, 0.5, 0.0, 0.0, 0.0, 0.0, 0.0, 0.0, 1.0, 0.0, 0.0, 0.0, 0.0, 0.0, 1.0, 0.0, 0.0, 0.0, 0.0, 0.0, 0.0, 1.0, 0.5, 0.0, 0.0, 0.0, 0.5, 0.0, 0.0, 0.0, 1.0, 0.0, 0.0, 0.0, 0.0, 0.0, 0.0, 0.0, 0.0, 0.0, 0.0, 0.0, 0.0, 0.0, 0.0, 0.0, 0.0]
Set parameter Threads to value 8
Gurobi Optimizer version 10.0.0 build v10.0.0rc2 (linux64)

CPU model: Intel(R) Xeon(R) Gold 6336Y CPU @ 2.40GHz, instruction set [SSE2|AVX|AVX2|AVX512]
Thread count: 48 physical cores, 48 logical processors, using up to 8 threads

Optimize a model with 9414 rows, 100 columns and 941400 nonzeros
Model fingerprint: 0x18bf2b53
Coefficient statistics:
  Matrix range     [1e+00, 1e+00]
  Objective range  [1e+00, 1e+00]
  Bounds range     [0e+00, 0e+00]
  RHS range        [1e+00, 1e+00]
Presolve removed 8451 rows and 0 columns
Presolve time: 0.26s
Presolved: 963 rows, 100 columns, 96300 nonzeros

Iteration    Objective       Primal Inf.    Dual Inf.      Time
       0    0.0000000e+00   3.830000e+02   0.000000e+00      0s
      78    4.3450704e+00   0.000000e+00   0.000000e+00      0s

Solved in 78 iterations and 0.30 seconds (0.51 work units)
Optimal objective  4.345070423e+00
[0.0, 0.24647887323943674, 0.0, 0.0, 0.0, 0.5, 0.0, 0.0, 0.0, 0.05281690140845044, 0.045774647887324105, 0.0, 0.0, 0.0, 0.21830985915492956, 0.0, 0.24647887323943662, 0.0, 0.0, 0.0, 0.0, 0.0, 0.25352112676056326, 0.0, 0.0, 0.0, 0.0, 0.0, 0.0, 0.0, 0.0, 0.0, 0.0, 0.0, 0.0, 0.0, 0.007042253521126668, 0.0, 0.0, 0.08450704225352121, 0.038732394366197076, 0.0, 0.0, 0.0, 0.0, 0.0, 0.0, 0.0, 0.0, 0.0, 0.0, 0.0, 0.08802816901408461, 0.25, 0.021126760563380143, 0.0, 0.0, 0.0, 0.0, 0.0, 0.0, 0.0, 0.2077464788732397, 0.0, 0.0, 0.0, 0.0, 0.0, 0.0, 0.4612676056338027, 0.20422535211267592, 0.0, 0.0387323943661973, 0.0, 0.0, 0.04225352112676059, 0.0, 0.2535211267605634, 0.0, 0.0, 0.0, 0.0, 0.0, 0.0, 0.17957746478873238, 0.25352112676056326, 0.23943661971830985, 0.0, 0.0, 0.0, 0.0, 0.0, 0.0, 0.0, 0.0, 0.0, 0.19366197183098582, 0.0, 0.0, 0.21830985915492973]
Set parameter Threads to value 8
Gurobi Optimizer version 10.0.0 build v10.0.0rc2 (linux64)

CPU model: Intel(R) Xeon(R) Gold 6336Y CPU @ 2.40GHz, instruction set [SSE2|AVX|AVX2|AVX512]
Thread count: 48 physical cores, 48 logical processors, using up to 8 threads

Optimize a model with 9414 rows, 100 columns and 941400 nonzeros
Model fingerprint: 0xb00679f5
Coefficient statistics:
  Matrix range     [1e+00, 1e+00]
  Objective range  [1e+00, 1e+00]
  Bounds range     [0e+00, 0e+00]
  RHS range        [1e+00, 1e+00]
Presolve removed 8578 rows and 0 columns
Presolve time: 0.23s
Presolved: 836 rows, 100 columns, 83600 nonzeros

Iteration    Objective       Primal Inf.    Dual Inf.      Time
       0    0.0000000e+00   3.300000e+02   0.000000e+00      0s
      89    8.3333333e+00   0.000000e+00   0.000000e+00      0s

Solved in 89 iterations and 0.26 seconds (0.51 work units)
Optimal objective  8.333333333e+00
[0.0, 0.0, 0.0, 0.0, 0.16666666666666666, 0.0, 0.16666666666666666, 0.0, 0.0, 0.0, 0.0, 0.0, 0.16666666666666663, 0.0, 0.0, 0.0, 0.0, 0.0, 0.0, 0.0, 0.3333333333333333, 0.0, 0.0, 0.0, 0.0, 0.16666666666666666, 0.0, 0.0, 0.0, 0.0, 0.0, 0.0, 0.0, 0.0, 0.33333333333333326, 0.0, 0.0, 0.8333333333333336, 0.0, 0.0, 0.0, 0.0, 0.0, 0.0, 0.0, 0.0, 0.0, 0.0, 0.0, 0.0, 0.0, 0.0, 0.0, 0.0, 0.0, 0.1666666666666669, 0.0, 0.0, 0.6666666666666665, 0.0, 0.0, 1.6666666666666665, 0.3333333333333333, 0.0, 0.0, 0.0, 0.0, 0.0, 0.0, 0.0, 0.0, 0.0, 0.0, 0.16666666666666685, 0.0, 0.0, 0.5, 0.3333333333333333, 0.0, 0.33333333333333326, 0.0, 0.49999999999999967, 0.0, 0.0, 0.0, 0.0, 0.0, 0.0, 0.6666666666666666, 0.0, 0.8333333333333329, 0.0, 0.0, 0.0, 0.0, 0.0, 0.0, 0.0, 0.0, 0.0]
Set parameter Threads to value 8
Gurobi Optimizer version 10.0.0 build v10.0.0rc2 (linux64)

CPU model: Intel(R) Xeon(R) Gold 6336Y CPU @ 2.40GHz, instruction set [SSE2|AVX|AVX2|AVX512]
Thread count: 48 physical cores, 48 logical processors, using up to 8 threads

Optimize a model with 9414 rows, 100 columns and 941400 nonzeros
Model fingerprint: 0x2a98e986
Coefficient statistics:
  Matrix range     [1e+00, 1e+00]
  Objective range  [1e+00, 1e+00]
  Bounds range     [0e+00, 0e+00]
  RHS range        [1e+00, 1e+00]
Presolve removed 8710 rows and 5 columns
Presolve time: 0.22s
Presolved: 704 rows, 95 columns, 66880 nonzeros

Iteration    Objective       Primal Inf.    Dual Inf.      Time
       0    0.0000000e+00   3.120000e+02   0.000000e+00      0s
      88    5.2500000e+00   0.000000e+00   0.000000e+00      0s

Solved in 88 iterations and 0.26 seconds (0.48 work units)
Optimal objective  5.250000000e+00
[0.0, 0.0, 0.0, 0.5833333333333333, 0.0, 0.49999999999999994, 0.0, 0.0, 0.0, 0.0, 0.29166666666666663, 0.0, 0.10416666666666684, 0.5208333333333331, 0.0, 0.0, 0.06250000000000024, 0.0, 0.0, 0.0, 0.0, 0.0, 0.0, 0.0, 0.0, 0.0, 0.0, 0.22916666666666655, 0.08333333333333348, 0.12499999999999994, 0.33333333333333326, 0.0, 0.0, 0.0, 0.0, 0.20833333333333315, 0.0, 0.0, 0.0, 0.0, 0.0, 0.0, 0.0, 0.0, 0.0, 0.0, 0.0, 0.0, 0.0, 0.0, 0.0, 0.0, 0.0, 0.0, 0.0, 0.0, 0.0, 0.0, 0.0, 0.0, 0.0, 0.4999999999999998, 0.020833333333333037, 0.0, 0.0, 0.0, 0.0, 0.0, 0.0, 0.0, 0.0, 0.0, 0.0, 0.0, 0.020833333333333204, 0.0, 0.0, 0.06250000000000012, 0.0, 0.0, 0.0, 0.4583333333333337, 0.0, 0.0, 0.14583333333333318, 0.0, 0.0, 0.0, 0.0, 0.0, 0.0, 0.0, 0.0, 0.0, 0.0, 0.0, 0.0, 0.0, 0.5000000000000004, 0.5000000000000004]
Set parameter Threads to value 8
Gurobi Optimizer version 10.0.0 build v10.0.0rc2 (linux64)

CPU model: Intel(R) Xeon(R) Gold 6336Y CPU @ 2.40GHz, instruction set [SSE2|AVX|AVX2|AVX512]
Thread count: 48 physical cores, 48 logical processors, using up to 8 threads

Optimize a model with 9414 rows, 100 columns and 941400 nonzeros
Model fingerprint: 0xd63d0a04
Coefficient statistics:
  Matrix range     [1e+00, 1e+00]
  Objective range  [1e+00, 1e+00]
  Bounds range     [0e+00, 0e+00]
  RHS range        [1e+00, 1e+00]
Presolve removed 8483 rows and 2 columns
Presolve time: 0.21s
Presolved: 931 rows, 98 columns, 91238 nonzeros

Iteration    Objective       Primal Inf.    Dual Inf.      Time
       0    0.0000000e+00   3.240000e+02   0.000000e+00      0s
     114    7.5505618e+00   0.000000e+00   0.000000e+00      0s

Solved in 114 iterations and 0.25 seconds (0.50 work units)
Optimal objective  7.550561798e+00
[0.0, 0.2359550561797753, 0.0, 0.0, 0.0, 0.0, 0.0, 0.1910112359550562, 0.0, 0.0, 0.0, 0.0, 0.5280898876404494, 0.0, 0.0, 0.0, 0.5056179775280899, 0.0, 0.0, 0.0, 0.0, 0.0, 0.0, 0.2359550561797753, 0.0, 0.0, 0.0, 0.0, 0.3595505617977528, 0.0, 0.702247191011236, 0.0, 0.0, 0.0, 0.0, 0.0, 0.0, 0.0, 0.0, 0.0, 0.1685393258426966, 0.0, 0.0, 0.5, 0.0, 0.039325842696629205, 0.0, 0.0, 0.0, 0.0, 0.0, 0.0, 0.0, 0.0, 0.3089887640449438, 0.0, 0.0, 0.0, 0.0, 0.0, 0.0, 0.4719101123595506, 0.2584269662921348, 0.5393258426966292, 0.1797752808988764, 0.0, 0.0, 0.0, 0.0, 0.0, 0.0, 0.0, 0.0, 0.0, 0.0, 0.7640449438202247, 0.0, 0.0, 0.0, 0.5, 0.0, 0.0, 0.0, 0.0, 0.2921348314606742, 0.3089887640449438, 0.0, 0.0, 0.0, 0.460674157303371, 0.0, 0.0, 0.0, 0.0, 0.0, 0.0, 0.0, 0.0, 0.0, 0.0]
Set parameter Threads to value 8
Gurobi Optimizer version 10.0.0 build v10.0.0rc2 (linux64)

CPU model: Intel(R) Xeon(R) Gold 6336Y CPU @ 2.40GHz, instruction set [SSE2|AVX|AVX2|AVX512]
Thread count: 48 physical cores, 48 logical processors, using up to 8 threads

Optimize a model with 9414 rows, 100 columns and 941400 nonzeros
Model fingerprint: 0x90afcebe
Coefficient statistics:
  Matrix range     [1e+00, 1e+00]
  Objective range  [1e+00, 1e+00]
  Bounds range     [0e+00, 0e+00]
  RHS range        [1e+00, 1e+00]
Presolve removed 8587 rows and 0 columns
Presolve time: 0.24s
Presolved: 827 rows, 100 columns, 82700 nonzeros

Iteration    Objective       Primal Inf.    Dual Inf.      Time
       0    0.0000000e+00   3.110000e+02   0.000000e+00      0s
      58    2.3333333e+00   0.000000e+00   0.000000e+00      0s

Solved in 58 iterations and 0.28 seconds (0.50 work units)
Optimal objective  2.333333333e+00
[0.16666666666666666, 0.0, 0.0, 0.0, 0.0, 0.0, 0.0, 0.0, 0.0, 0.0, 0.0, 0.0, 0.16666666666666674, 0.0, 0.16666666666666666, 0.0, 0.0, 0.0, 0.16666666666666669, 0.0, 0.0, 0.0, 0.0, 0.0, 0.0, 0.0, 0.0, 0.0, 0.0, 0.0, 0.0, 0.0, 0.0, 0.0, 0.0, 0.16666666666666674, 0.0, 0.0, 0.5, 0.0, 0.0, 0.0, 0.0, 0.3333333333333333, 0.0, 0.0, 0.0, 0.0, 0.0, 0.0, 0.0, 0.16666666666666669, 0.0, 0.0, 0.0, 0.0, 0.0, 0.0, 0.0, 0.0, 0.0, 0.0, 0.0, 0.0, 0.0, 0.0, 0.0, 0.0, 0.0, 0.0, 0.0, 0.0, 0.0, 0.0, 0.0, 0.0, 0.0, 0.0, 0.0, 0.0, 0.0, 0.0, 0.0, 0.0, 0.0, 0.16666666666666666, 0.0, 0.0, 0.0, 0.0, 0.0, 0.0, 0.0, 0.3333333333333334, 0.0, 0.0, 0.0, 0.0, 0.0, 0.0]
Set parameter Threads to value 8
Gurobi Optimizer version 10.0.0 build v10.0.0rc2 (linux64)

CPU model: Intel(R) Xeon(R) Gold 6336Y CPU @ 2.40GHz, instruction set [SSE2|AVX|AVX2|AVX512]
Thread count: 48 physical cores, 48 logical processors, using up to 8 threads

Optimize a model with 9414 rows, 100 columns and 941400 nonzeros
Model fingerprint: 0x6b8d843b
Coefficient statistics:
  Matrix range     [1e+00, 1e+00]
  Objective range  [1e+00, 1e+00]
  Bounds range     [0e+00, 0e+00]
  RHS range        [1e+00, 1e+00]
Presolve removed 8741 rows and 1 columns
Presolve time: 0.25s
Presolved: 673 rows, 99 columns, 66627 nonzeros

Iteration    Objective       Primal Inf.    Dual Inf.      Time
       0    0.0000000e+00   2.190000e+02   0.000000e+00      0s
     113    8.2727273e+00   0.000000e+00   0.000000e+00      0s

Solved in 113 iterations and 0.28 seconds (0.49 work units)
Optimal objective  8.272727273e+00
[0.0, 0.5909090909090908, 0.0, 0.0, 0.0, 0.0, 0.0, 0.0, 0.0, 0.0, 0.0, 0.0, 0.0, 0.0, 0.0, 0.0, 0.0, 0.0, 0.0, 0.0, 0.0, 0.0, 0.0, 0.36363636363636376, 0.0, 0.0, 0.0, 0.0, 0.0454545454545453, 0.0, 0.0, 0.0, 0.0, 0.13636363636363635, 0.0, 0.0, 0.0, 0.0, 0.0, 0.0, 0.5454545454545454, 0.0, 0.0, 0.0, 0.9999999999999999, 0.0, 0.0, 0.7272727272727273, 0.0, 0.0, 0.0, 0.0, 0.0, 0.0, 0.0, 0.0, 0.0, 0.09090909090909093, 0.1818181818181818, 0.0, 0.0, 0.9999999999999999, 0.0, 0.0, 0.5, 0.13636363636363638, 0.0, 0.0, 0.0, 0.0, 0.0, 0.0, 0.0, 0.0, 0.0, 0.0, 0.0, 0.0, 0.0, 0.4545454545454546, 0.5, 0.5454545454545454, 0.0, 0.0, 0.0, 0.5000000000000001, 0.0, 0.0, 0.0, 0.04545454545454536, 0.6818181818181821, 0.0, 0.0, 0.0, 0.0, 0.0, 0.0, 0.0, 0.22727272727272696, 0.0]
Set parameter Threads to value 8
Gurobi Optimizer version 10.0.0 build v10.0.0rc2 (linux64)

CPU model: Intel(R) Xeon(R) Gold 6336Y CPU @ 2.40GHz, instruction set [SSE2|AVX|AVX2|AVX512]
Thread count: 48 physical cores, 48 logical processors, using up to 8 threads

Optimize a model with 9414 rows, 100 columns and 941400 nonzeros
Model fingerprint: 0x2737db2a
Coefficient statistics:
  Matrix range     [1e+00, 1e+00]
  Objective range  [1e+00, 1e+00]
  Bounds range     [0e+00, 0e+00]
  RHS range        [1e+00, 1e+00]
Presolve removed 8540 rows and 2 columns
Presolve time: 0.31s
Presolved: 874 rows, 98 columns, 85652 nonzeros

Iteration    Objective       Primal Inf.    Dual Inf.      Time
       0    0.0000000e+00   3.690000e+02   0.000000e+00      0s
     155    1.0500000e+01   0.000000e+00   0.000000e+00      0s

Solved in 155 iterations and 0.35 seconds (0.51 work units)
Optimal objective  1.050000000e+01
[0.0, 0.0, 0.6875, 0.5, 0.0, 0.1875, 0.0, 0.0, 0.0, 0.6875, 0.5, 0.0, 0.0, 0.0, 0.0, 0.0, 0.0, 0.0, 0.0, 0.0, 0.0, 0.0, 0.0, 0.0, 0.0, 0.0, 0.0, 0.5, 0.0, 0.0, 0.0, 0.0, 0.0, 0.0, 0.0, 0.0, 0.0, 0.0, 0.0, 0.0, 0.25, 0.3125, 0.0, 0.75, 0.0, 0.0, 0.0, 0.0, 0.5625, 0.0, 0.0, 0.0625, 0.25, 0.0, 0.0, 0.0, 0.0, 0.0, 0.5, 0.4375, 0.0, 0.0, 0.5, 0.0, 0.0, 0.0, 0.0, 0.0, 0.25, 0.0, 0.0, 0.0, 0.0, 0.25, 0.0, 0.0, 0.0, 0.0, 0.4375, 0.0, 0.5, 0.5, 0.0, 0.5, 0.0625, 0.0, 0.0, 0.1875, 0.0, 0.0, 0.75, 0.0, 0.0, 0.0, 0.0, 0.0, 0.0, 0.375, 0.0, 0.0]
Set parameter Threads to value 8
Gurobi Optimizer version 10.0.0 build v10.0.0rc2 (linux64)

CPU model: Intel(R) Xeon(R) Gold 6336Y CPU @ 2.40GHz, instruction set [SSE2|AVX|AVX2|AVX512]
Thread count: 48 physical cores, 48 logical processors, using up to 8 threads

Optimize a model with 9415 rows, 100 columns and 941500 nonzeros
Model fingerprint: 0x0a58fa18
Coefficient statistics:
  Matrix range     [1e+00, 1e+00]
  Objective range  [1e+00, 1e+00]
  Bounds range     [0e+00, 0e+00]
  RHS range        [1e+00, 1e+00]
Presolve removed 8608 rows and 4 columns
Presolve time: 0.21s
Presolved: 807 rows, 96 columns, 77472 nonzeros

Iteration    Objective       Primal Inf.    Dual Inf.      Time
       0    0.0000000e+00   3.420000e+02   0.000000e+00      0s
      95    5.0000000e+00   0.000000e+00   0.000000e+00      0s

Solved in 95 iterations and 0.24 seconds (0.48 work units)
Optimal objective  5.000000000e+00
[0.0, 0.0, 0.0, 0.0, 0.0, 0.0, 0.0, 0.0, 0.0, 0.0, 0.0, 0.0, 0.0, 0.0, 0.0, 0.0, 0.0, 0.0, 0.0, 0.0, 0.0, 0.8421052631578947, 0.3947368421052631, 0.0, 0.026315789473684226, 0.0, 0.0, 0.10526315789473689, 0.5526315789473684, 0.0, 0.0, 0.0, 0.0, 0.0, 0.5, 0.0, 0.5, 0.0, 0.0, 0.34210526315789475, 0.42105263157894735, 0.0, 0.23684210526315785, 0.0, 0.0, 0.0, 0.0, 0.15789473684210525, 0.0, 0.10526315789473689, 0.0, 0.0, 0.0, 0.026315789473684237, 0.0, 0.0, 0.0, 0.0, 0.0, 0.0, 0.0, 0.0, 0.0, 0.0, 0.0, 0.0, 0.0, 0.0, 0.0, 0.0, 0.0, 0.0, 0.0, 0.0, 0.0, 0.0, 0.0, 0.0, 0.0, 0.0, 0.0, 0.0, 0.0, 0.0, 0.0, 0.0, 0.0, 0.0, 0.0, 0.7105263157894737, 0.0, 0.0, 0.0, 0.0, 0.0789473684210526, 0.0, 0.0, 0.0, 0.0, 0.0]
Set parameter Threads to value 8
Gurobi Optimizer version 10.0.0 build v10.0.0rc2 (linux64)

CPU model: Intel(R) Xeon(R) Gold 6336Y CPU @ 2.40GHz, instruction set [SSE2|AVX|AVX2|AVX512]
Thread count: 48 physical cores, 48 logical processors, using up to 8 threads

Optimize a model with 16109 rows, 100 columns and 1610900 nonzeros
Model fingerprint: 0x0089b677
Coefficient statistics:
  Matrix range     [1e+00, 1e+00]
  Objective range  [1e+00, 1e+00]
  Bounds range     [0e+00, 0e+00]
  RHS range        [1e+00, 1e+00]
Presolve removed 15874 rows and 8 columns
Presolve time: 0.23s
Presolved: 235 rows, 92 columns, 21620 nonzeros

Iteration    Objective       Primal Inf.    Dual Inf.      Time
       0    0.0000000e+00   1.010000e+02   0.000000e+00      0s
       6    1.0000000e+00   0.000000e+00   0.000000e+00      0s

Solved in 6 iterations and 0.27 seconds (0.55 work units)
Optimal objective  1.000000000e+00
[0.0, 0.0, 0.0, 0.0, 0.5, 0.0, 0.5, 0.0, 0.0, 0.0, 0.0, 0.0, 0.0, 0.0, 0.0, 0.0, 0.0, 0.0, 0.0, 0.0, 0.0, 0.0, 0.0, 0.0, 0.0, 0.0, 0.0, 0.0, 0.0, 0.0, 0.0, 0.0, 0.0, 0.0, 0.0, 0.0, 0.0, 0.0, 0.0, 0.0, 0.0, 0.0, 0.0, 0.0, 0.0, 0.0, 0.0, 0.0, 0.0, 0.0, 0.0, 0.0, 0.0, 0.0, 0.0, 0.0, 0.0, 0.0, 0.0, 0.0, 0.0, 0.0, 0.0, 0.0, 0.0, 0.0, 0.0, 0.0, 0.0, 0.0, 0.0, 0.0, 0.0, 0.0, 0.0, 0.0, 0.0, 0.0, 0.0, 0.0, 0.0, 0.0, 0.0, 0.0, 0.0, 0.0, 0.0, 0.0, 0.0, 0.0, 0.0, 0.0, 0.0, 0.0, 0.0, 0.0, 0.0, 0.0, 0.0, 0.0]
Set parameter Threads to value 8
Gurobi Optimizer version 10.0.0 build v10.0.0rc2 (linux64)

CPU model: Intel(R) Xeon(R) Gold 6336Y CPU @ 2.40GHz, instruction set [SSE2|AVX|AVX2|AVX512]
Thread count: 48 physical cores, 48 logical processors, using up to 8 threads

Optimize a model with 16109 rows, 100 columns and 1610900 nonzeros
Model fingerprint: 0x5dfdf0bc
Coefficient statistics:
  Matrix range     [1e+00, 1e+00]
  Objective range  [1e+00, 1e+00]
  Bounds range     [0e+00, 0e+00]
  RHS range        [1e+00, 1e+00]
Presolve removed 15885 rows and 9 columns
Presolve time: 0.18s
Presolved: 224 rows, 91 columns, 20384 nonzeros

Iteration    Objective       Primal Inf.    Dual Inf.      Time
       0    0.0000000e+00   8.800000e+01   0.000000e+00      0s
      24    1.0000000e+00   0.000000e+00   0.000000e+00      0s

Solved in 24 iterations and 0.24 seconds (0.51 work units)
Optimal objective  1.000000000e+00
[0.0, 0.0, 0.0, 0.0, 0.0, 0.0, 0.0, 0.0, 0.0, 0.0, 0.0, 0.0, 0.0, 0.0, 0.0, 0.0, 0.0, 0.0, 0.0, 0.0, 0.0, 0.0, 0.0, 0.0, 0.0, 0.0, 0.0, 0.0, 0.0, 0.0, 0.0, 0.0, 0.0, 0.0, 0.0, 0.0, 0.0, 0.0, 0.0, 0.0, 0.0, 0.0, 0.0, 0.0, 0.0, 0.0, 0.0, 0.0, 0.0, 0.0, 0.0, 0.0, 0.0, 0.5, 0.0, 0.0, 0.0, 0.0, 0.0, 0.0, 0.0, 0.0, 0.0, 0.0, 0.0, 0.0, 0.0, 0.0, 0.5, 0.0, 0.0, 0.0, 0.0, 0.0, 0.0, 0.0, 0.0, 0.0, 0.0, 0.0, 0.0, 0.0, 0.0, 0.0, 0.0, 0.0, 0.0, 0.0, 0.0, 0.0, 0.0, 0.0, 0.0, 0.0, 0.0, 0.0, 0.0, 0.0, 0.0, 0.0]
Set parameter Threads to value 8
Gurobi Optimizer version 10.0.0 build v10.0.0rc2 (linux64)

CPU model: Intel(R) Xeon(R) Gold 6336Y CPU @ 2.40GHz, instruction set [SSE2|AVX|AVX2|AVX512]
Thread count: 48 physical cores, 48 logical processors, using up to 8 threads

Optimize a model with 16109 rows, 100 columns and 1610900 nonzeros
Model fingerprint: 0x8c3e2a16
Coefficient statistics:
  Matrix range     [1e+00, 1e+00]
  Objective range  [1e+00, 1e+00]
  Bounds range     [0e+00, 0e+00]
  RHS range        [1e+00, 1e+00]
Presolve removed 15865 rows and 5 columns
Presolve time: 0.18s
Presolved: 244 rows, 95 columns, 23180 nonzeros

Iteration    Objective       Primal Inf.    Dual Inf.      Time
       0    0.0000000e+00   9.000000e+01   0.000000e+00      0s
      15    3.0000000e+00   0.000000e+00   0.000000e+00      0s

Solved in 15 iterations and 0.30 seconds (0.55 work units)
Optimal objective  3.000000000e+00
[0.0, 0.0, 0.0, 0.5, 0.0, 0.0, 0.5, 0.5, 0.5, 0.0, 0.0, 0.0, 0.0, 0.0, 0.0, 0.0, 0.5, 0.0, 0.0, 0.0, 0.0, 0.5, 0.0, 0.0, 0.0, 0.0, 0.0, 0.0, 0.0, 0.0, 0.0, 0.0, 0.0, 0.0, 0.0, 0.0, 0.0, 0.0, 0.0, 0.0, 0.0, 0.0, 0.0, 0.0, 0.0, 0.0, 0.0, 0.0, 0.0, 0.0, 0.0, 0.0, 0.0, 0.0, 0.0, 0.0, 0.0, 0.0, 0.0, 0.0, 0.0, 0.0, 0.0, 0.0, 0.0, 0.0, 0.0, 0.0, 0.0, 0.0, 0.0, 0.0, 0.0, 0.0, 0.0, 0.0, 0.0, 0.0, 0.0, 0.0, 0.0, 0.0, 0.0, 0.0, 0.0, 0.0, 0.0, 0.0, 0.0, 0.0, 0.0, 0.0, 0.0, 0.0, 0.0, 0.0, 0.0, 0.0, 0.0, 0.0]
Set parameter Threads to value 8
Gurobi Optimizer version 10.0.0 build v10.0.0rc2 (linux64)

CPU model: Intel(R) Xeon(R) Gold 6336Y CPU @ 2.40GHz, instruction set [SSE2|AVX|AVX2|AVX512]
Thread count: 48 physical cores, 48 logical processors, using up to 8 threads

Optimize a model with 16109 rows, 100 columns and 1610900 nonzeros
Model fingerprint: 0xd776e757
Coefficient statistics:
  Matrix range     [1e+00, 1e+00]
  Objective range  [1e+00, 1e+00]
  Bounds range     [0e+00, 0e+00]
  RHS range        [1e+00, 1e+00]
Presolve removed 15899 rows and 6 columns
Presolve time: 0.17s
Presolved: 210 rows, 94 columns, 19740 nonzeros

Iteration    Objective       Primal Inf.    Dual Inf.      Time
       0    0.0000000e+00   9.100000e+01   0.000000e+00      0s
      23    1.0000000e+00   0.000000e+00   0.000000e+00      0s

Solved in 23 iterations and 0.23 seconds (0.52 work units)
Optimal objective  1.000000000e+00
[0.0, 0.0, 0.0, 0.0, 0.0, 0.0, 0.0, 0.0, 0.0, 0.0, 0.0, 0.0, 0.0, 0.0, 0.0, 0.0, 0.0, 0.0, 0.0, 0.0, 0.0, 0.0, 0.0, 0.0, 0.0, 0.0, 0.0, 0.0, 0.0, 0.0, 0.0, 0.0, 0.0, 0.0, 0.0, 0.0, 0.0, 0.0, 0.0, 0.0, 0.0, 0.0, 0.0, 0.0, 0.0, 0.0, 0.0, 0.0, 0.0, 0.0, 0.0, 0.0, 0.0, 0.0, 0.0, 0.0, 0.0, 0.0, 0.0, 0.0, 0.5, 0.0, 0.0, 0.0, 0.0, 0.0, 0.0, 0.0, 0.0, 0.0, 0.0, 0.0, 0.0, 0.0, 0.0, 0.0, 0.0, 0.0, 0.0, 0.0, 0.0, 0.0, 0.0, 0.0, 0.0, 0.0, 0.0, 0.0, 0.0, 0.5, 0.0, 0.0, 0.0, 0.0, 0.0, 0.0, 0.0, 0.0, 0.0, 0.0]
Set parameter Threads to value 8
Gurobi Optimizer version 10.0.0 build v10.0.0rc2 (linux64)

CPU model: Intel(R) Xeon(R) Gold 6336Y CPU @ 2.40GHz, instruction set [SSE2|AVX|AVX2|AVX512]
Thread count: 48 physical cores, 48 logical processors, using up to 8 threads

Optimize a model with 16109 rows, 100 columns and 1610900 nonzeros
Model fingerprint: 0x453b0eca
Coefficient statistics:
  Matrix range     [1e+00, 1e+00]
  Objective range  [1e+00, 1e+00]
  Bounds range     [0e+00, 0e+00]
  RHS range        [1e+00, 1e+00]
Presolve removed 15898 rows and 7 columns
Presolve time: 0.16s
Presolved: 211 rows, 93 columns, 19623 nonzeros

Iteration    Objective       Primal Inf.    Dual Inf.      Time
       0    0.0000000e+00   8.100000e+01   0.000000e+00      0s
       9    1.0000000e+00   0.000000e+00   0.000000e+00      0s

Solved in 9 iterations and 0.21 seconds (0.50 work units)
Optimal objective  1.000000000e+00
[0.0, 0.0, 0.5, 0.0, 0.0, 0.0, 0.0, 0.0, 0.0, 0.0, 0.0, 0.0, 0.0, 0.0, 0.0, 0.0, 0.0, 0.0, 0.0, 0.0, 0.0, 0.0, 0.0, 0.0, 0.0, 0.0, 0.0, 0.0, 0.0, 0.0, 0.0, 0.0, 0.5, 0.0, 0.0, 0.0, 0.0, 0.0, 0.0, 0.0, 0.0, 0.0, 0.0, 0.0, 0.0, 0.0, 0.0, 0.0, 0.0, 0.0, 0.0, 0.0, 0.0, 0.0, 0.0, 0.0, 0.0, 0.0, 0.0, 0.0, 0.0, 0.0, 0.0, 0.0, 0.0, 0.0, 0.0, 0.0, 0.0, 0.0, 0.0, 0.0, 0.0, 0.0, 0.0, 0.0, 0.0, 0.0, 0.0, 0.0, 0.0, 0.0, 0.0, 0.0, 0.0, 0.0, 0.0, 0.0, 0.0, 0.0, 0.0, 0.0, 0.0, 0.0, 0.0, 0.0, 0.0, 0.0, 0.0, 0.0]
Set parameter Threads to value 8
Gurobi Optimizer version 10.0.0 build v10.0.0rc2 (linux64)

CPU model: Intel(R) Xeon(R) Gold 6336Y CPU @ 2.40GHz, instruction set [SSE2|AVX|AVX2|AVX512]
Thread count: 48 physical cores, 48 logical processors, using up to 8 threads

Optimize a model with 16109 rows, 100 columns and 1610900 nonzeros
Model fingerprint: 0x1d9487a1
Coefficient statistics:
  Matrix range     [1e+00, 1e+00]
  Objective range  [1e+00, 1e+00]
  Bounds range     [0e+00, 0e+00]
  RHS range        [1e+00, 1e+00]
Presolve removed 15907 rows and 9 columns
Presolve time: 0.21s
Presolved: 202 rows, 91 columns, 18382 nonzeros

Iteration    Objective       Primal Inf.    Dual Inf.      Time
       0    0.0000000e+00   7.700000e+01   0.000000e+00      0s
      12    1.0000000e+00   0.000000e+00   0.000000e+00      0s

Solved in 12 iterations and 0.27 seconds (0.50 work units)
Optimal objective  1.000000000e+00
[0.0, 0.0, 0.0, 0.0, 0.5, 0.0, 0.0, 0.0, 0.0, 0.0, 0.0, 0.0, 0.0, 0.0, 0.0, 0.0, 0.0, 0.0, 0.0, 0.0, 0.0, 0.0, 0.0, 0.0, 0.0, 0.0, 0.0, 0.0, 0.0, 0.0, 0.0, 0.0, 0.5, 0.0, 0.0, 0.0, 0.0, 0.0, 0.0, 0.0, 0.0, 0.0, 0.0, 0.0, 0.0, 0.0, 0.0, 0.0, 0.0, 0.0, 0.0, 0.0, 0.0, 0.0, 0.0, 0.0, 0.0, 0.0, 0.0, 0.0, 0.0, 0.0, 0.0, 0.0, 0.0, 0.0, 0.0, 0.0, 0.0, 0.0, 0.0, 0.0, 0.0, 0.0, 0.0, 0.0, 0.0, 0.0, 0.0, 0.0, 0.0, 0.0, 0.0, 0.0, 0.0, 0.0, 0.0, 0.0, 0.0, 0.0, 0.0, 0.0, 0.0, 0.0, 0.0, 0.0, 0.0, 0.0, 0.0, 0.0]
Set parameter Threads to value 8
Gurobi Optimizer version 10.0.0 build v10.0.0rc2 (linux64)

CPU model: Intel(R) Xeon(R) Gold 6336Y CPU @ 2.40GHz, instruction set [SSE2|AVX|AVX2|AVX512]
Thread count: 48 physical cores, 48 logical processors, using up to 8 threads

Optimize a model with 16109 rows, 100 columns and 1610900 nonzeros
Model fingerprint: 0x149964f6
Coefficient statistics:
  Matrix range     [1e+00, 1e+00]
  Objective range  [1e+00, 1e+00]
  Bounds range     [0e+00, 0e+00]
  RHS range        [1e+00, 1e+00]
Presolve removed 15906 rows and 11 columns
Presolve time: 0.16s
Presolved: 203 rows, 89 columns, 18067 nonzeros

Iteration    Objective       Primal Inf.    Dual Inf.      Time
       0    0.0000000e+00   8.200000e+01   0.000000e+00      0s
      19    1.5000000e+00   0.000000e+00   0.000000e+00      0s

Solved in 19 iterations and 0.21 seconds (0.51 work units)
Optimal objective  1.500000000e+00
[0.0, 0.0, 0.25, 0.0, 0.25, 0.25, 0.0, 0.0, 0.0, 0.0, 0.0, 0.0, 0.0, 0.0, 0.0, 0.25, 0.0, 0.0, 0.0, 0.0, 0.0, 0.0, 0.0, 0.0, 0.0, 0.0, 0.0, 0.0, 0.0, 0.0, 0.0, 0.25, 0.0, 0.0, 0.0, 0.0, 0.0, 0.0, 0.0, 0.0, 0.0, 0.0, 0.25, 0.0, 0.0, 0.0, 0.0, 0.0, 0.0, 0.0, 0.0, 0.0, 0.0, 0.0, 0.0, 0.0, 0.0, 0.0, 0.0, 0.0, 0.0, 0.0, 0.0, 0.0, 0.0, 0.0, 0.0, 0.0, 0.0, 0.0, 0.0, 0.0, 0.0, 0.0, 0.0, 0.0, 0.0, 0.0, 0.0, 0.0, 0.0, 0.0, 0.0, 0.0, 0.0, 0.0, 0.0, 0.0, 0.0, 0.0, 0.0, 0.0, 0.0, 0.0, 0.0, 0.0, 0.0, 0.0, 0.0, 0.0]
Set parameter Threads to value 8
Gurobi Optimizer version 10.0.0 build v10.0.0rc2 (linux64)

CPU model: Intel(R) Xeon(R) Gold 6336Y CPU @ 2.40GHz, instruction set [SSE2|AVX|AVX2|AVX512]
Thread count: 48 physical cores, 48 logical processors, using up to 8 threads

Optimize a model with 16109 rows, 100 columns and 1610900 nonzeros
Model fingerprint: 0x44d92d9d
Coefficient statistics:
  Matrix range     [1e+00, 1e+00]
  Objective range  [1e+00, 1e+00]
  Bounds range     [0e+00, 0e+00]
  RHS range        [1e+00, 1e+00]
Presolve removed 15895 rows and 3 columns
Presolve time: 0.17s
Presolved: 214 rows, 97 columns, 20758 nonzeros

Iteration    Objective       Primal Inf.    Dual Inf.      Time
       0    0.0000000e+00   8.800000e+01   0.000000e+00      0s
      25    1.3333333e+00   0.000000e+00   0.000000e+00      0s

Solved in 25 iterations and 0.22 seconds (0.51 work units)
Optimal objective  1.333333333e+00
[0.0, 0.0, 0.0, 0.0, 0.0, 0.0, 0.0, 0.0, 0.0, 0.0, 0.0, 0.0, 0.0, 0.0, 0.0, 0.0, 0.0, 0.0, 0.0, 0.0, 0.1666666666666667, 0.0, 0.0, 0.0, 0.0, 0.0, 0.0, 0.0, 0.0, 0.0, 0.0, 0.0, 0.0, 0.0, 0.0, 0.0, 0.0, 0.0, 0.0, 0.0, 0.0, 0.0, 0.0, 0.0, 0.0, 0.0, 0.0, 0.0, 0.0, 0.0, 0.0, 0.16666666666666666, 0.33333333333333337, 0.0, 0.0, 0.0, 0.0, 0.0, 0.0, 0.0, 0.0, 0.0, 0.0, 0.0, 0.0, 0.0, 0.0, 0.0, 0.0, 0.0, 0.0, 0.0, 0.0, 0.0, 0.0, 0.0, 0.0, 0.0, 0.16666666666666666, 0.16666666666666663, 0.0, 0.0, 0.0, 0.0, 0.0, 0.0, 0.0, 0.0, 0.0, 0.0, 0.0, 0.0, 0.0, 0.0, 0.0, 0.0, 0.1666666666666666, 0.0, 0.0, 0.16666666666666666]
Set parameter Threads to value 8
Gurobi Optimizer version 10.0.0 build v10.0.0rc2 (linux64)

CPU model: Intel(R) Xeon(R) Gold 6336Y CPU @ 2.40GHz, instruction set [SSE2|AVX|AVX2|AVX512]
Thread count: 48 physical cores, 48 logical processors, using up to 8 threads

Optimize a model with 16110 rows, 100 columns and 1611000 nonzeros
Model fingerprint: 0x952d9b63
Coefficient statistics:
  Matrix range     [1e+00, 1e+00]
  Objective range  [1e+00, 1e+00]
  Bounds range     [0e+00, 0e+00]
  RHS range        [1e+00, 1e+00]
Presolve removed 15880 rows and 14 columns
Presolve time: 0.32s
Presolved: 230 rows, 86 columns, 19780 nonzeros

Iteration    Objective       Primal Inf.    Dual Inf.      Time
       0    0.0000000e+00   9.900000e+01   0.000000e+00      0s
      20    1.0000000e+00   0.000000e+00   0.000000e+00      0s

Solved in 20 iterations and 0.41 seconds (0.53 work units)
Optimal objective  1.000000000e+00
[0.0, 0.0, 0.0, 0.0, 0.0, 0.0, 0.0, 0.0, 0.0, 0.0, 0.0, 0.0, 0.0, 0.0, 0.0, 0.0, 0.0, 0.0, 0.0, 0.0, 0.0, 0.0, 0.0, 0.0, 0.0, 0.0, 0.0, 0.0, 0.0, 0.0, 0.0, 0.5, 0.0, 0.0, 0.0, 0.0, 0.0, 0.0, 0.0, 0.0, 0.0, 0.0, 0.0, 0.0, 0.0, 0.0, 0.0, 0.0, 0.0, 0.0, 0.0, 0.0, 0.0, 0.0, 0.0, 0.0, 0.0, 0.0, 0.0, 0.0, 0.0, 0.0, 0.0, 0.0, 0.0, 0.0, 0.0, 0.0, 0.0, 0.0, 0.0, 0.0, 0.0, 0.0, 0.0, 0.0, 0.0, 0.0, 0.0, 0.0, 0.0, 0.0, 0.0, 0.0, 0.0, 0.0, 0.0, 0.0, 0.0, 0.0, 0.0, 0.0, 0.0, 0.0, 0.0, 0.0, 0.0, 0.5, 0.0, 0.0]
Set parameter Threads to value 8
Gurobi Optimizer version 10.0.0 build v10.0.0rc2 (linux64)

CPU model: Intel(R) Xeon(R) Gold 6336Y CPU @ 2.40GHz, instruction set [SSE2|AVX|AVX2|AVX512]
Thread count: 48 physical cores, 48 logical processors, using up to 8 threads

Optimize a model with 16110 rows, 100 columns and 1611000 nonzeros
Model fingerprint: 0x616c4947
Coefficient statistics:
  Matrix range     [1e+00, 1e+00]
  Objective range  [1e+00, 1e+00]
  Bounds range     [0e+00, 0e+00]
  RHS range        [1e+00, 1e+00]
Presolve removed 15888 rows and 7 columns
Presolve time: 0.18s
Presolved: 222 rows, 93 columns, 20646 nonzeros

Iteration    Objective       Primal Inf.    Dual Inf.      Time
       0    0.0000000e+00   1.090000e+02   0.000000e+00      0s
      30    2.0000000e+00   0.000000e+00   0.000000e+00      0s

Solved in 30 iterations and 0.24 seconds (0.56 work units)
Optimal objective  2.000000000e+00
[0.0, 0.0, 0.5, 0.0, 0.0, 0.0, 0.0, 0.0, 0.0, 0.0, 0.5, 0.0, 0.0, 0.0, 0.0, 0.0, 0.0, 0.0, 0.0, 0.0, 0.0, 0.0, 0.0, 0.0, 0.0, 0.0, 0.0, 0.0, 0.0, 0.0, 0.0, 0.0, 0.0, 0.0, 0.0, 0.0, 0.0, 0.0, 0.0, 0.0, 0.0, 0.0, 0.0, 0.0, 0.0, 0.0, 0.0, 0.0, 0.0, 0.0, 0.0, 0.0, 0.5, 0.0, 0.0, 0.0, 0.5, 0.0, 0.0, 0.0, 0.0, 0.0, 0.0, 0.0, 0.0, 0.0, 0.0, 0.0, 0.0, 0.0, 0.0, 0.0, 0.0, 0.0, 0.0, 0.0, 0.0, 0.0, 0.0, 0.0, 0.0, 0.0, 0.0, 0.0, 0.0, 0.0, 0.0, 0.0, 0.0, 0.0, 0.0, 0.0, 0.0, 0.0, 0.0, 0.0, 0.0, 0.0, 0.0, 0.0]
Set parameter Threads to value 8
Gurobi Optimizer version 10.0.0 build v10.0.0rc2 (linux64)

CPU model: Intel(R) Xeon(R) Gold 6336Y CPU @ 2.40GHz, instruction set [SSE2|AVX|AVX2|AVX512]
Thread count: 48 physical cores, 48 logical processors, using up to 8 threads

Optimize a model with 692 rows, 100 columns and 69200 nonzeros
Model fingerprint: 0xfaa6eee3
Coefficient statistics:
  Matrix range     [1e+00, 1e+00]
  Objective range  [1e+00, 1e+00]
  Bounds range     [0e+00, 0e+00]
  RHS range        [1e+00, 1e+00]
Presolve removed 183 rows and 4 columns
Presolve time: 0.04s
Presolved: 509 rows, 96 columns, 48864 nonzeros

Iteration    Objective       Primal Inf.    Dual Inf.      Time
       0    0.0000000e+00   1.530000e+02   0.000000e+00      0s
     142    4.8421053e+00   0.000000e+00   0.000000e+00      0s

Solved in 142 iterations and 0.06 seconds (0.05 work units)
Optimal objective  4.842105263e+00
[0.0, 0.0, 0.0, 0.026315789473683904, 0.15789473684210525, 0.0, 0.0, 0.0, 0.0, 0.0, 0.5000000000000002, 0.0, 0.0, 0.0, 0.0, 0.0, 0.23684210526315774, 0.0, 0.0, 0.0, 0.0, 0.026315789473684292, 0.0, 0.0, 0.0, 0.21052631578947367, 0.0, 0.0, 0.0, 0.0, 0.0, 0.0, 0.0, 0.10526315789473678, 0.0, 0.1315789473684213, 0.2894736842105267, 0.02631578947368401, 0.0, 0.0789473684210526, 0.0, 0.0, 0.26315789473684165, 0.0, 0.0, 0.0, 0.0, 0.2894736842105263, 0.0, 0.3157894736842104, 0.0, 0.0, 0.0, 0.0, 0.0, 0.0, 0.0789473684210526, 0.0, 0.0, 0.07894736842105277, 0.0, 0.0, 0.0, 0.0, 0.0, 0.0, 0.34210526315789425, 0.0, 0.0, 0.0, 0.0, 0.0, 0.0, 0.0, 0.23684210526315785, 0.0, 0.0, 0.0, 0.0, 0.42105263157894707, 0.421052631578947, 0.05263157894736892, 0.0, 0.0, 0.0, 0.26315789473684215, 0.0, 0.15789473684210525, 0.0, 0.0, 0.0, 0.0, 0.0, 0.0, 0.13157894736842096, 0.0, 0.0, 0.0, 0.0, 0.0]
Set parameter Threads to value 8
Gurobi Optimizer version 10.0.0 build v10.0.0rc2 (linux64)

CPU model: Intel(R) Xeon(R) Gold 6336Y CPU @ 2.40GHz, instruction set [SSE2|AVX|AVX2|AVX512]
Thread count: 48 physical cores, 48 logical processors, using up to 8 threads

Optimize a model with 692 rows, 100 columns and 69200 nonzeros
Model fingerprint: 0xb3c7f56e
Coefficient statistics:
  Matrix range     [1e+00, 1e+00]
  Objective range  [1e+00, 1e+00]
  Bounds range     [0e+00, 0e+00]
  RHS range        [1e+00, 1e+00]
Presolve removed 192 rows and 6 columns
Presolve time: 0.08s
Presolved: 500 rows, 94 columns, 47000 nonzeros

Iteration    Objective       Primal Inf.    Dual Inf.      Time
       0    0.0000000e+00   1.800000e+02   0.000000e+00      0s
      84    5.0657895e+00   0.000000e+00   0.000000e+00      0s

Solved in 84 iterations and 0.09 seconds (0.05 work units)
Optimal objective  5.065789474e+00
[0.0, 0.9671052631578945, 0.0, 0.0, 0.3092105263157894, 0.08552631578947356, 0.11842105263157887, 0.0, 0.0, 0.0, 0.0, 0.0, 0.0, 0.0, 0.0, 0.0, 0.10526315789473692, 0.0, 0.0, 0.0, 0.0, 0.09210526315789473, 0.0, 0.0, 0.019736842105263247, 0.0, 0.0, 0.381578947368421, 0.0, 0.0, 0.10526315789473692, 0.0, 0.0, 0.0, 0.0, 0.0, 0.0, 0.19078947368421062, 0.0, 0.0, 0.0, 0.256578947368421, 0.0, 0.0, 0.0, 0.0, 0.0, 0.0, 0.07236842105263147, 0.0, 0.0, 0.0, 0.0, 0.5460526315789475, 0.0, 0.0, 0.19078947368421073, 0.0, 0.0, 0.0, 0.0, 0.052631578947368356, 0.0, 0.0, 0.0, 0.0, 0.11842105263157894, 0.0, 0.0, 0.0, 0.15789473684210578, 0.0, 0.0, 0.0, 0.15131578947368424, 0.2565789473684209, 0.0, 0.0, 0.0, 0.0, 0.0, 0.05263157894736845, 0.0, 0.04605263157894693, 0.0, 0.0, 0.0, 0.0, 0.24342105263157882, 0.0, 0.0, 0.11184210526315763, 0.3092105263157895, 0.12500000000000006, 0.0, 0.0, 0.0, 0.0, 0.0, 0.0]
Set parameter Threads to value 8
Gurobi Optimizer version 10.0.0 build v10.0.0rc2 (linux64)

CPU model: Intel(R) Xeon(R) Gold 6336Y CPU @ 2.40GHz, instruction set [SSE2|AVX|AVX2|AVX512]
Thread count: 48 physical cores, 48 logical processors, using up to 8 threads

Optimize a model with 692 rows, 100 columns and 69200 nonzeros
Model fingerprint: 0x726d419e
Coefficient statistics:
  Matrix range     [1e+00, 1e+00]
  Objective range  [1e+00, 1e+00]
  Bounds range     [0e+00, 0e+00]
  RHS range        [1e+00, 1e+00]
Presolve removed 262 rows and 4 columns
Presolve time: 0.04s
Presolved: 430 rows, 96 columns, 41280 nonzeros

Iteration    Objective       Primal Inf.    Dual Inf.      Time
       0    0.0000000e+00   1.640000e+02   0.000000e+00      0s
     106    3.4285714e+00   0.000000e+00   0.000000e+00      0s

Solved in 106 iterations and 0.05 seconds (0.05 work units)
Optimal objective  3.428571429e+00
[0.0, 0.0, 0.0, 0.0, 0.0, 0.0, 0.0, 0.1071428571428572, 0.0, 0.0, 0.0, 0.0, 0.0, 0.0, 0.0, 0.42857142857142855, 0.0, 0.0, 0.0, 0.0, 0.0, 0.28571428571428564, 0.0, 0.0, 0.0, 0.0, 0.0, 0.0, 0.0, 0.0, 0.0, 0.0, 0.5000000000000002, 0.0, 0.0, 0.0, 0.0, 0.0, 0.0, 0.0, 0.0, 0.0, 0.0, 0.0, 0.0714285714285714, 0.0, 0.0, 0.0, 0.0, 0.0, 0.0, 0.0, 0.0, 0.0, 0.10714285714285714, 0.0, 0.0357142857142857, 0.0, 0.0, 0.0, 0.0, 0.0, 0.0, 0.0, 0.0, 0.3928571428571428, 0.03571428571428581, 0.0, 0.0, 0.0, 0.07142857142857151, 0.0, 0.0, 0.0, 0.0, 0.07142857142857138, 0.0, 0.0, 0.0, 0.0, 0.39285714285714285, 0.0, 0.07142857142857138, 0.0, 0.4285714285714286, 0.0, 0.0, 0.0, 0.2499999999999999, 0.0, 0.0, 0.0, 0.0, 0.0, 0.0, 0.0, 0.0, 0.17857142857142871, 0.0, 0.0]
Set parameter Threads to value 8
Gurobi Optimizer version 10.0.0 build v10.0.0rc2 (linux64)

CPU model: Intel(R) Xeon(R) Gold 6336Y CPU @ 2.40GHz, instruction set [SSE2|AVX|AVX2|AVX512]
Thread count: 48 physical cores, 48 logical processors, using up to 8 threads

Optimize a model with 692 rows, 100 columns and 69200 nonzeros
Model fingerprint: 0x576dcf5c
Coefficient statistics:
  Matrix range     [1e+00, 1e+00]
  Objective range  [1e+00, 1e+00]
  Bounds range     [0e+00, 0e+00]
  RHS range        [1e+00, 1e+00]
Presolve removed 185 rows and 4 columns
Presolve time: 0.08s
Presolved: 507 rows, 96 columns, 48672 nonzeros

Iteration    Objective       Primal Inf.    Dual Inf.      Time
       0    0.0000000e+00   1.560000e+02   0.000000e+00      0s
     141    4.6451613e+00   0.000000e+00   0.000000e+00      0s

Solved in 141 iterations and 0.10 seconds (0.06 work units)
Optimal objective  4.645161290e+00
[0.0, 0.0, 0.05645161290322568, 0.1693548387096774, 0.016129032258064627, 0.0, 0.12903225806451613, 0.0, 0.0, 0.0, 0.0, 0.5161290322580647, 0.0, 0.0, 0.0, 0.16935483870967782, 0.0, 0.37903225806451607, 0.07258064516129034, 0.37096774193548393, 0.0, 0.0, 0.0, 0.0, 0.5, 0.0, 0.0, 0.0, 0.23387096774193533, 0.0, 0.0, 0.02419354838709685, 0.0, 0.0, 0.0, 0.0, 0.0, 0.0, 0.04032258064516113, 0.0, 0.0, 0.0, 0.0, 0.0, 0.0, 0.0, 0.0, 0.0, 0.0, 0.0, 0.3709677419354839, 0.0, 0.0, 0.0, 0.0, 0.0, 0.0, 0.0, 0.0, 0.34677419354838684, 0.008064516129032417, 0.0, 0.0, 0.0, 0.0, 0.0, 0.10483870967741928, 0.0, 0.0, 0.0, 0.03225806451612906, 0.0, 0.0, 0.0, 0.0, 0.0, 0.0, 0.0, 0.0, 0.0, 0.0, 0.0, 0.0, 0.34677419354838745, 0.0, 0.10483870967741926, 0.18548387096774188, 0.0, 0.0, 0.0, 0.0, 0.0, 0.0, 0.0, 0.0, 0.42741935483870963, 0.04032258064516153, 0.0, 0.0, 0.0]
Set parameter Threads to value 8
Gurobi Optimizer version 10.0.0 build v10.0.0rc2 (linux64)

CPU model: Intel(R) Xeon(R) Gold 6336Y CPU @ 2.40GHz, instruction set [SSE2|AVX|AVX2|AVX512]
Thread count: 48 physical cores, 48 logical processors, using up to 8 threads

Optimize a model with 692 rows, 100 columns and 69200 nonzeros
Model fingerprint: 0x27854b3c
Coefficient statistics:
  Matrix range     [1e+00, 1e+00]
  Objective range  [1e+00, 1e+00]
  Bounds range     [0e+00, 0e+00]
  RHS range        [1e+00, 1e+00]
Presolve removed 204 rows and 7 columns
Presolve time: 0.03s
Presolved: 488 rows, 93 columns, 45384 nonzeros

Iteration    Objective       Primal Inf.    Dual Inf.      Time
       0    0.0000000e+00   1.870000e+02   0.000000e+00      0s
      90    5.0000000e+00   0.000000e+00   0.000000e+00      0s

Solved in 90 iterations and 0.04 seconds (0.05 work units)
Optimal objective  5.000000000e+00
[0.0, 0.0, 0.0, 0.0, 0.0, 0.3269230769230769, 0.0, 0.0, 0.09615384615384615, 0.0, 0.0, 0.0, 0.0, 0.0, 0.0, 0.0, 0.0, 0.25, 0.28846153846153827, 0.44230769230769235, 0.0, 0.057692307692307654, 0.5, 0.0, 0.0, 0.0, 0.0, 0.0, 0.0, 0.0, 0.0, 0.0, 0.0, 0.0, 0.0, 0.0, 0.0, 0.0, 0.0, 0.0, 0.0, 0.0, 0.0, 0.0, 0.0, 0.0, 0.0, 0.0, 0.0, 0.0, 0.0, 0.0, 0.3461538461538462, 0.25, 0.057692307692307654, 0.0, 0.03846153846153846, 0.0, 0.0, 0.0, 0.0, 0.0, 0.0, 0.0, 0.0, 0.0, 0.0, 0.0, 0.0, 0.0, 0.0, 0.0, 0.17307692307692307, 0.5, 0.0, 0.0, 0.0, 0.0, 0.24999999999999994, 0.0, 0.0, 0.0, 0.0, 0.0, 0.25000000000000006, 0.0, 0.0, 0.40384615384615385, 0.0, 0.03846153846153827, 0.0, 0.0, 0.5, 0.0, 0.0, 0.0, 0.0, 0.0, 0.23076923076923084, 0.0]
Set parameter Threads to value 8
Gurobi Optimizer version 10.0.0 build v10.0.0rc2 (linux64)

CPU model: Intel(R) Xeon(R) Gold 6336Y CPU @ 2.40GHz, instruction set [SSE2|AVX|AVX2|AVX512]
Thread count: 48 physical cores, 48 logical processors, using up to 8 threads

Optimize a model with 692 rows, 100 columns and 69200 nonzeros
Model fingerprint: 0xb8592f9c
Coefficient statistics:
  Matrix range     [1e+00, 1e+00]
  Objective range  [1e+00, 1e+00]
  Bounds range     [0e+00, 0e+00]
  RHS range        [1e+00, 1e+00]
Presolve removed 227 rows and 5 columns
Presolve time: 0.11s
Presolved: 465 rows, 95 columns, 44175 nonzeros

Iteration    Objective       Primal Inf.    Dual Inf.      Time
       0    0.0000000e+00   1.720000e+02   0.000000e+00      0s
     110    5.6666667e+00   0.000000e+00   0.000000e+00      0s

Solved in 110 iterations and 0.12 seconds (0.05 work units)
Optimal objective  5.666666667e+00
[0.0, 0.0, 0.0, 0.16666666666666657, 0.1666666666666667, 0.0, 0.05555555555555555, 0.0, 0.0, 0.0, 0.0, 0.0, 0.19444444444444464, 0.0, 0.0, 0.0, 0.0, 0.0, 0.111111111111111, 0.0, 0.25, 0.0, 0.0, 0.0, 0.0, 0.0, 0.0, 0.0, 0.0, 0.0, 0.0, 0.33333333333333326, 0.05555555555555558, 0.0, 0.0, 0.0, 0.0, 0.0, 0.0, 0.0, 0.36111111111111105, 0.0, 0.4444444444444446, 0.0, 0.0, 0.0, 0.0, 0.0, 0.0, 0.0, 0.0, 0.0, 0.0, 0.0, 0.0, 0.0, 0.0, 0.0, 0.0, 0.11111111111111102, 0.0, 0.13888888888888867, 0.0, 0.0, 0.5, 0.0, 0.6111111111111112, 0.0, 0.5, 0.3333333333333334, 0.0, 0.16666666666666674, 0.0, 0.0, 0.0, 0.6666666666666667, 0.0, 0.0, 0.1111111111111111, 0.0, 0.0, 0.0, 0.0, 0.0, 0.0, 0.2222222222222222, 0.0, 0.0, 0.0, 0.0, 0.0, 0.0, 0.0, 0.0, 0.16666666666666652, 0.0, 0.0, 0.0, 0.0, 0.0]
Set parameter Threads to value 8
Gurobi Optimizer version 10.0.0 build v10.0.0rc2 (linux64)

CPU model: Intel(R) Xeon(R) Gold 6336Y CPU @ 2.40GHz, instruction set [SSE2|AVX|AVX2|AVX512]
Thread count: 48 physical cores, 48 logical processors, using up to 8 threads

Optimize a model with 692 rows, 100 columns and 69200 nonzeros
Model fingerprint: 0x4871dfb9
Coefficient statistics:
  Matrix range     [1e+00, 1e+00]
  Objective range  [1e+00, 1e+00]
  Bounds range     [0e+00, 0e+00]
  RHS range        [1e+00, 1e+00]
Presolve removed 220 rows and 7 columns
Presolve time: 0.03s
Presolved: 472 rows, 93 columns, 43896 nonzeros

Iteration    Objective       Primal Inf.    Dual Inf.      Time
       0    0.0000000e+00   1.750000e+02   0.000000e+00      0s
     132    3.5511983e+00   0.000000e+00   0.000000e+00      0s

Solved in 132 iterations and 0.05 seconds (0.05 work units)
Optimal objective  3.551198257e+00
[0.0, 0.0, 0.0, 0.0, 0.1416122004357284, 0.0, 0.0, 0.0, 0.0, 0.0, 0.0, 0.0, 0.08823529411764844, 0.0, 0.0, 0.09694989106753836, 0.11111111111111091, 0.0, 0.017429193899780593, 0.0, 0.030501089324618466, 0.1840958605664492, 0.0, 0.0, 0.0, 0.0, 0.0, 0.0, 0.0, 0.0, 0.0, 0.0, 0.0, 0.0, 0.0, 0.5, 0.0, 0.23856209150326735, 0.0, 0.0, 0.1285403050108928, 0.0, 0.0, 0.0664488017429199, 0.26143790849673204, 0.030501089324618466, 0.0, 0.0, 0.23856209150326868, 0.030501089324618466, 0.0, 0.0, 0.0, 0.26143790849673176, 0.0, 0.0, 0.0, 0.0, 0.0, 0.0, 0.0, 0.0, 0.0, 0.0, 0.09694989106753836, 0.00980392156862775, 0.0, 0.0, 0.0, 0.0, 0.0, 0.0, 0.23311546840958672, 0.17864923747276645, 0.0, 0.0, 0.0, 0.0, 0.0, 0.1579520697167749, 0.037037037037036834, 0.0, 0.0, 0.0, 0.0, 0.0, 0.0, 0.0, 0.0, 0.0, 0.0, 0.0, 0.0, 0.0, 0.0, 0.0, 0.005446623093681685, 0.0, 0.07407407407407368, 0.33224400871459836]
Set parameter Threads to value 8
Gurobi Optimizer version 10.0.0 build v10.0.0rc2 (linux64)

CPU model: Intel(R) Xeon(R) Gold 6336Y CPU @ 2.40GHz, instruction set [SSE2|AVX|AVX2|AVX512]
Thread count: 48 physical cores, 48 logical processors, using up to 8 threads

Optimize a model with 692 rows, 100 columns and 69200 nonzeros
Model fingerprint: 0x9575e9c1
Coefficient statistics:
  Matrix range     [1e+00, 1e+00]
  Objective range  [1e+00, 1e+00]
  Bounds range     [0e+00, 0e+00]
  RHS range        [1e+00, 1e+00]
Presolve removed 188 rows and 4 columns
Presolve time: 0.03s
Presolved: 504 rows, 96 columns, 48384 nonzeros

Iteration    Objective       Primal Inf.    Dual Inf.      Time
       0    0.0000000e+00   1.630000e+02   0.000000e+00      0s
     138    4.0000000e+00   0.000000e+00   0.000000e+00      0s

Solved in 138 iterations and 0.04 seconds (0.06 work units)
Optimal objective  4.000000000e+00
[0.16666666666666669, 0.0, 0.0, 0.0, 0.0, 0.0, 0.0, 0.0, 0.0, 0.25, 0.0, 0.0, 0.0, 0.0, 0.08333333333333337, 0.0, 0.0, 0.25, 0.0, 0.0, 0.0, 0.0, 0.0, 0.0, 0.0, 0.08333333333333333, 0.08333333333333333, 0.0, 0.0, 0.0, 0.3333333333333334, 0.0, 0.0, 0.0, 0.3333333333333333, 0.0, 0.08333333333333331, 0.0, 0.0, 0.08333333333333329, 0.08333333333333326, 0.0, 0.0, 0.0, 0.0, 0.0, 0.0, 0.0, 0.0, 0.0, 0.0, 0.0, 0.0, 0.0, 0.0, 0.16666666666666663, 0.0, 0.0, 0.0, 0.0, 0.0, 0.0, 0.0, 0.0, 0.0, 0.0, 0.0, 0.41666666666666663, 0.08333333333333337, 0.0, 0.0, 0.0, 0.0, 0.0, 0.0, 0.4166666666666667, 0.0, 0.0, 0.25, 0.0, 0.0, 0.0, 0.0, 0.08333333333333331, 0.0, 0.0, 0.25, 0.0, 0.0, 0.0, 0.0, 0.0, 0.0, 0.0, 0.0, 0.0, 0.0, 0.4166666666666667, 0.0833333333333332, 0.0]
Set parameter Threads to value 8
Gurobi Optimizer version 10.0.0 build v10.0.0rc2 (linux64)

CPU model: Intel(R) Xeon(R) Gold 6336Y CPU @ 2.40GHz, instruction set [SSE2|AVX|AVX2|AVX512]
Thread count: 48 physical cores, 48 logical processors, using up to 8 threads

Optimize a model with 693 rows, 100 columns and 69300 nonzeros
Model fingerprint: 0x0867ace3
Coefficient statistics:
  Matrix range     [1e+00, 1e+00]
  Objective range  [1e+00, 1e+00]
  Bounds range     [0e+00, 0e+00]
  RHS range        [1e+00, 1e+00]
Presolve removed 209 rows and 9 columns
Presolve time: 0.05s
Presolved: 484 rows, 91 columns, 44044 nonzeros

Iteration    Objective       Primal Inf.    Dual Inf.      Time
       0    0.0000000e+00   1.750000e+02   0.000000e+00      0s
      75    4.7096774e+00   0.000000e+00   0.000000e+00      0s

Solved in 75 iterations and 0.06 seconds (0.05 work units)
Optimal objective  4.709677419e+00
[0.024193548387096794, 0.0, 0.2338709677419355, 0.16935483870967732, 0.0, 0.0, 0.16129032258064518, 0.0, 0.2741935483870968, 0.0, 0.0, 0.31451612903225806, 0.0, 0.0, 0.0, 0.05645161290322581, 0.0, 0.0, 0.0, 0.0, 0.0, 0.0, 0.16129032258064518, 0.25000000000000006, 0.0, 0.0, 0.0, 0.0, 0.0, 0.0, 0.0, 0.0, 0.0, 0.0, 0.14516129032258057, 0.0, 0.0, 0.0, 0.10483870967741933, 0.0, 0.0, 0.0, 0.0, 0.0, 0.1048387096774192, 0.0, 0.0, 0.05645161290322585, 0.0, 0.0, 0.08064516129032258, 0.0, 0.02419354838709673, 0.0, 0.0, 0.29838709677419356, 0.0, 0.2096774193548387, 0.0, 0.0, 0.0, 0.0, 0.0, 0.0, 0.0, 0.0, 0.0, 0.0, 0.0, 0.0, 0.13709677419354843, 0.08064516129032258, 0.0, 0.0, 0.4274193548387098, 0.0, 0.0, 0.0, 0.3951612903225807, 0.774193548387097, 0.0, 0.12096774193548383, 0.0, 0.0, 0.0, 0.10483870967741932, 0.0, 0.0, 0.0, 0.0, 0.0, 0.0, 0.0, 0.0, 0.0, 0.0, 0.0, 0.0, 0.0, 0.0]
Set parameter Threads to value 8
Gurobi Optimizer version 10.0.0 build v10.0.0rc2 (linux64)

CPU model: Intel(R) Xeon(R) Gold 6336Y CPU @ 2.40GHz, instruction set [SSE2|AVX|AVX2|AVX512]
Thread count: 48 physical cores, 48 logical processors, using up to 8 threads

Optimize a model with 693 rows, 100 columns and 69300 nonzeros
Model fingerprint: 0x5a85e0ff
Coefficient statistics:
  Matrix range     [1e+00, 1e+00]
  Objective range  [1e+00, 1e+00]
  Bounds range     [0e+00, 0e+00]
  RHS range        [1e+00, 1e+00]
Presolve removed 170 rows and 2 columns
Presolve time: 0.04s
Presolved: 523 rows, 98 columns, 51254 nonzeros

Iteration    Objective       Primal Inf.    Dual Inf.      Time
       0    0.0000000e+00   1.830000e+02   0.000000e+00      0s
     104    4.1342430e+00   0.000000e+00   0.000000e+00      0s

Solved in 104 iterations and 0.05 seconds (0.06 work units)
Optimal objective  4.134242958e+00
[0.0, 0.20312499999999897, 0.1487676056338023, 0.0, 0.0, 0.21764964788732413, 0.024867957746479503, 0.04687499999999997, 0.0, 0.0, 0.1316021126760561, 0.0, 0.11267605633802842, 0.022887323943662302, 0.0, 0.0, 0.0, 0.0, 0.0, 0.6170774647887323, 0.0, 0.0, 0.023107394366197204, 0.0, 0.0, 0.2068661971830988, 0.07614436619718298, 0.0, 0.0, 0.17671654929577446, 0.0, 0.0, 0.0, 0.0, 0.1399647887323946, 0.12764084507042264, 0.0, 0.0, 0.0, 0.0, 0.0, 0.0, 0.20686619718309895, 0.06690140845070497, 0.0, 0.0, 0.0, 0.0, 0.01188380281690099, 0.13556338028169002, 0.0, 0.0, 0.0, 0.0, 0.008802816901407967, 0.16967429577464746, 0.0, 0.0, 0.0, 0.0, 0.08780809859154917, 0.0, 0.0, 0.0, 0.362455985915492, 0.0, 0.08978873239436648, 0.0, 0.06888204225352151, 0.0, 0.0, 0.0, 0.0, 0.0, 0.0, 0.0, 0.13864436619718226, 0.07482394366197134, 0.0, 0.0, 0.0, 0.0, 0.0, 0.0, 0.15448943661971776, 0.0, 0.005061619718310539, 0.12786091549295792, 0.0, 0.0, 0.0, 0.0, 0.0, 0.0, 0.14876760563380245, 0.0, 0.0, 0.0, 0.0, 0.0]
Set parameter Threads to value 8
Gurobi Optimizer version 10.0.0 build v10.0.0rc2 (linux64)

CPU model: Intel(R) Xeon(R) Gold 6336Y CPU @ 2.40GHz, instruction set [SSE2|AVX|AVX2|AVX512]
Thread count: 48 physical cores, 48 logical processors, using up to 8 threads

Optimize a model with 6217 rows, 100 columns and 621700 nonzeros
Model fingerprint: 0x094f9886
Coefficient statistics:
  Matrix range     [1e+00, 1e+00]
  Objective range  [1e+00, 1e+00]
  Bounds range     [0e+00, 0e+00]
  RHS range        [1e+00, 1e+00]
Presolve removed 6134 rows and 3 columns
Presolve time: 0.12s
Presolved: 83 rows, 97 columns, 8051 nonzeros

Iteration    Objective       Primal Inf.    Dual Inf.      Time
       0    0.0000000e+00   5.000000e+01   0.000000e+00      0s
      32    1.8750000e+00   0.000000e+00   0.000000e+00      0s

Solved in 32 iterations and 0.13 seconds (0.29 work units)
Optimal objective  1.875000000e+00
[0.0, 0.125, 0.125, 0.0, 0.0, 0.0, 0.0, 0.0, 0.0, 0.0, 0.0, 0.0, 0.0, 0.0, 0.0, 0.0, 0.3125, 0.0, 0.0, 0.0, 0.0, 0.0, 0.0, 0.0, 0.125, 0.1875, 0.0, 0.0, 0.0, 0.0, 0.0, 0.0, 0.0, 0.0, 0.0, 0.0, 0.0, 0.25, 0.125, 0.0, 0.0625, 0.0, 0.0, 0.0, 0.0, 0.0, 0.0, 0.0, 0.0, 0.0, 0.0, 0.0, 0.0, 0.0, 0.0, 0.0, 0.0, 0.0, 0.0, 0.0, 0.0, 0.0, 0.0, 0.0, 0.0, 0.0, 0.0, 0.3125, 0.0, 0.0, 0.0, 0.0, 0.0, 0.0, 0.0, 0.0, 0.0, 0.0, 0.0, 0.0, 0.0625, 0.0, 0.0, 0.0, 0.1875, 0.0, 0.0, 0.0, 0.0, 0.0, 0.0, 0.0, 0.0, 0.0, 0.0, 0.0, 0.0, 0.0, 0.0, 0.0]
Set parameter Threads to value 8
Gurobi Optimizer version 10.0.0 build v10.0.0rc2 (linux64)

CPU model: Intel(R) Xeon(R) Gold 6336Y CPU @ 2.40GHz, instruction set [SSE2|AVX|AVX2|AVX512]
Thread count: 48 physical cores, 48 logical processors, using up to 8 threads

Optimize a model with 6217 rows, 100 columns and 621700 nonzeros
Model fingerprint: 0x72d2e107
Coefficient statistics:
  Matrix range     [1e+00, 1e+00]
  Objective range  [1e+00, 1e+00]
  Bounds range     [0e+00, 0e+00]
  RHS range        [1e+00, 1e+00]
Presolve removed 6134 rows and 7 columns
Presolve time: 0.16s
Presolved: 83 rows, 93 columns, 7719 nonzeros

Iteration    Objective       Primal Inf.    Dual Inf.      Time
       0    0.0000000e+00   4.800000e+01   0.000000e+00      0s
      32    2.0000000e+00   0.000000e+00   0.000000e+00      0s

Solved in 32 iterations and 0.18 seconds (0.28 work units)
Optimal objective  2.000000000e+00
[0.0, 0.0, 0.0, 0.0, 0.0, 0.0, 0.0, 0.5, 0.0, 0.0, 0.0, 0.0, 0.0, 0.0, 0.0, 0.0, 0.0, 0.0, 0.0, 0.0, 0.0, 0.0, 0.0, 0.0, 0.5, 0.0, 0.0, 0.0, 0.0, 0.0, 0.0, 0.0, 0.0, 0.0, 0.0, 0.0, 0.0, 0.0, 0.0, 0.0, 0.0, 0.0, 0.0, 0.0, 0.0, 0.0, 0.0, 0.0, 0.0, 0.5, 0.0, 0.0, 0.0, 0.0, 0.0, 0.0, 0.0, 0.0, 0.0, 0.0, 0.0, 0.0, 0.0, 0.0, 0.0, 0.0, 0.0, 0.0, 0.0, 0.0, 0.0, 0.0, 0.0, 0.0, 0.0, 0.0, 0.0, 0.0, 0.0, 0.0, 0.0, 0.0, 0.0, 0.0, 0.5, 0.0, 0.0, 0.0, 0.0, 0.0, 0.0, 0.0, 0.0, 0.0, 0.0, 0.0, 0.0, 0.0, 0.0, 0.0]
Set parameter Threads to value 8
Gurobi Optimizer version 10.0.0 build v10.0.0rc2 (linux64)

CPU model: Intel(R) Xeon(R) Gold 6336Y CPU @ 2.40GHz, instruction set [SSE2|AVX|AVX2|AVX512]
Thread count: 48 physical cores, 48 logical processors, using up to 8 threads

Optimize a model with 6217 rows, 100 columns and 621700 nonzeros
Model fingerprint: 0x19889bab
Coefficient statistics:
  Matrix range     [1e+00, 1e+00]
  Objective range  [1e+00, 1e+00]
  Bounds range     [0e+00, 0e+00]
  RHS range        [1e+00, 1e+00]
Presolve removed 6128 rows and 4 columns
Presolve time: 0.16s
Presolved: 89 rows, 96 columns, 8544 nonzeros

Iteration    Objective       Primal Inf.    Dual Inf.      Time
       0    0.0000000e+00   5.800000e+01   0.000000e+00      0s
      28    2.0000000e+00   0.000000e+00   0.000000e+00      0s

Solved in 28 iterations and 0.25 seconds (0.29 work units)
Optimal objective  2.000000000e+00
[0.0, 0.0, 0.0, 0.0, 0.25, 0.0, 0.0, 0.0, 0.0, 0.24999999999999994, 0.0, 0.0, 0.0, 0.0, 0.0, 0.0, 0.0, 0.5, 0.0, 0.25000000000000006, 0.0, 0.0, 0.0, 0.0, 0.0, 0.0, 0.0, 0.0, 0.0, 0.0, 0.0, 0.0, 0.0, 0.0, 0.0, 0.0, 0.0, 0.0, 0.0, 0.0, 0.0, 0.0, 0.0, 0.0, 0.0, 0.25, 0.25000000000000006, 0.0, 0.0, 0.0, 0.0, 0.0, 0.0, 0.0, 0.0, 0.0, 0.0, 0.0, 0.0, 0.0, 0.0, 0.0, 0.0, 0.0, 0.0, 0.0, 0.0, 0.0, 0.0, 0.0, 0.0, 0.0, 0.0, 0.0, 0.0, 0.0, 0.0, 0.0, 0.0, 0.0, 0.0, 0.0, 0.0, 0.0, 0.0, 0.0, 0.0, 0.0, 0.0, 0.0, 0.25, 0.0, 0.0, 0.0, 0.0, 0.0, 0.0, 0.0, 0.0, 0.0]
Set parameter Threads to value 8
Gurobi Optimizer version 10.0.0 build v10.0.0rc2 (linux64)

CPU model: Intel(R) Xeon(R) Gold 6336Y CPU @ 2.40GHz, instruction set [SSE2|AVX|AVX2|AVX512]
Thread count: 48 physical cores, 48 logical processors, using up to 8 threads

Optimize a model with 6217 rows, 100 columns and 621700 nonzeros
Model fingerprint: 0x168bf8f3
Coefficient statistics:
  Matrix range     [1e+00, 1e+00]
  Objective range  [1e+00, 1e+00]
  Bounds range     [0e+00, 0e+00]
  RHS range        [1e+00, 1e+00]
Presolve removed 6135 rows and 2 columns
Presolve time: 0.11s
Presolved: 82 rows, 98 columns, 8036 nonzeros

Iteration    Objective       Primal Inf.    Dual Inf.      Time
       0    0.0000000e+00   5.200000e+01   0.000000e+00      0s
      44    1.6666667e+00   0.000000e+00   0.000000e+00      0s

Solved in 44 iterations and 0.13 seconds (0.29 work units)
Optimal objective  1.666666667e+00
[0.0, 0.0, 0.0, 0.0, 0.0, 0.0, 0.0, 0.0, 0.0, 0.0, 0.16666666666666669, 0.0, 0.0, 0.16666666666666669, 0.0, 0.24999999999999997, 0.08333333333333336, 0.0, 0.0, 0.08333333333333333, 0.0, 0.0, 0.0, 0.0, 0.0, 0.5, 0.0, 0.0, 0.0, 0.0, 0.0, 0.0, 0.0, 0.0, 0.08333333333333333, 0.0, 0.0, 0.0, 0.0, 0.0, 0.0, 0.0, 0.0, 0.0, 0.0, 0.0, 0.0, 0.0, 0.0, 0.0, 0.0, 0.0, 0.0, 0.0, 0.0, 0.0, 0.0, 0.0, 0.0, 0.0, 0.0, 0.0, 0.0, 0.0, 0.0, 0.0, 0.0, 0.0, 0.0, 0.0, 0.0, 0.0, 0.0, 0.08333333333333336, 0.0, 0.0, 0.0, 0.0, 0.0, 0.0, 0.0, 0.0, 0.08333333333333331, 0.0, 0.0, 0.0, 0.0, 0.0, 0.0, 0.0, 0.0, 0.0, 0.16666666666666652, 0.0, 0.0, 0.0, 0.0, 0.0, 0.0, 0.0]
Set parameter Threads to value 8
Gurobi Optimizer version 10.0.0 build v10.0.0rc2 (linux64)

CPU model: Intel(R) Xeon(R) Gold 6336Y CPU @ 2.40GHz, instruction set [SSE2|AVX|AVX2|AVX512]
Thread count: 48 physical cores, 48 logical processors, using up to 8 threads

Optimize a model with 6217 rows, 100 columns and 621700 nonzeros
Model fingerprint: 0xa7244e70
Coefficient statistics:
  Matrix range     [1e+00, 1e+00]
  Objective range  [1e+00, 1e+00]
  Bounds range     [0e+00, 0e+00]
  RHS range        [1e+00, 1e+00]
Presolve removed 6131 rows and 6 columns
Presolve time: 0.11s
Presolved: 86 rows, 94 columns, 8084 nonzeros

Iteration    Objective       Primal Inf.    Dual Inf.      Time
       0    0.0000000e+00   5.100000e+01   0.000000e+00      0s
      61    3.0000000e+00   0.000000e+00   0.000000e+00      0s

Solved in 61 iterations and 0.15 seconds (0.28 work units)
Optimal objective  3.000000000e+00
[0.0, 0.0, 0.0, 0.0, 0.0, 0.0, 0.0, 0.0, 0.0, 0.0, 0.0, 0.0, 0.0, 0.0, 0.0, 0.0, 0.0, 0.0, 0.0, 0.0, 0.0, 0.0, 0.0, 0.5, 0.0, 0.0, 0.0, 0.0, 0.0, 0.0, 0.0, 0.0, 0.0, 0.0, 0.0, 0.0, 0.0, 0.0, 0.0, 0.0, 0.0, 0.5, 0.0, 0.0, 0.0, 0.0, 0.0, 0.0, 0.0, 0.0, 0.0, 0.0, 0.0, 0.0, 0.5, 0.0, 0.0, 0.0, 0.0, 0.0, 0.0, 0.0, 0.0, 0.0, 0.0, 0.0, 0.0, 0.0, 0.0, 0.0, 0.0, 0.0, 0.0, 0.0, 0.0, 0.0, 0.0, 0.0, 0.5, 0.0, 0.0, 0.0, 0.0, 0.5, 0.0, 0.0, 0.0, 0.5, 0.0, 0.0, 0.0, 0.0, 0.0, 0.0, 0.0, 0.0, 0.0, 0.0, 0.0, 0.0]
Set parameter Threads to value 8
Gurobi Optimizer version 10.0.0 build v10.0.0rc2 (linux64)

CPU model: Intel(R) Xeon(R) Gold 6336Y CPU @ 2.40GHz, instruction set [SSE2|AVX|AVX2|AVX512]
Thread count: 48 physical cores, 48 logical processors, using up to 8 threads

Optimize a model with 6217 rows, 100 columns and 621700 nonzeros
Model fingerprint: 0xd93639b0
Coefficient statistics:
  Matrix range     [1e+00, 1e+00]
  Objective range  [1e+00, 1e+00]
  Bounds range     [0e+00, 0e+00]
  RHS range        [1e+00, 1e+00]
Presolve removed 6133 rows and 6 columns
Presolve time: 0.21s
Presolved: 84 rows, 94 columns, 7896 nonzeros

Iteration    Objective       Primal Inf.    Dual Inf.      Time
       0    0.0000000e+00   5.500000e+01   0.000000e+00      0s
      42    1.8000000e+00   0.000000e+00   0.000000e+00      0s

Solved in 42 iterations and 0.23 seconds (0.28 work units)
Optimal objective  1.800000000e+00
[0.09999999999999992, 0.0, 0.0, 0.0, 0.0, 0.0, 0.19999999999999998, 0.0, 0.0, 0.10000000000000009, 0.0, 0.0, 0.0, 0.0, 0.0, 0.0, 0.0, 0.0, 0.0, 0.0, 0.0, 0.0, 0.0, 0.20000000000000004, 0.0, 0.0, 0.0, 0.0, 0.0, 0.20000000000000004, 0.0, 0.0, 0.0, 0.0, 0.0, 0.0, 0.0, 0.0, 0.0, 0.20000000000000007, 0.0, 0.0, 0.0, 0.0, 0.0, 0.0, 0.0, 0.0, 0.0, 0.0, 0.0, 0.0999999999999999, 0.0, 0.0, 0.0, 0.0, 0.0, 0.0, 0.4, 0.0, 0.0, 0.0, 0.0, 0.0, 0.0, 0.0, 0.0, 0.0, 0.0, 0.0, 0.0, 0.0, 0.0, 0.0, 0.0, 0.0, 0.0, 0.20000000000000004, 0.09999999999999995, 0.0, 0.0, 0.0, 0.0, 0.0, 0.0, 0.0, 0.0, 0.0, 0.0, 0.0, 0.0, 0.0, 0.0, 0.0, 0.0, 0.0, 0.0, 0.0, 0.0, 0.0]
Set parameter Threads to value 8
Gurobi Optimizer version 10.0.0 build v10.0.0rc2 (linux64)

CPU model: Intel(R) Xeon(R) Gold 6336Y CPU @ 2.40GHz, instruction set [SSE2|AVX|AVX2|AVX512]
Thread count: 48 physical cores, 48 logical processors, using up to 8 threads

Optimize a model with 6217 rows, 100 columns and 621700 nonzeros
Model fingerprint: 0x110eb0c8
Coefficient statistics:
  Matrix range     [1e+00, 1e+00]
  Objective range  [1e+00, 1e+00]
  Bounds range     [0e+00, 0e+00]
  RHS range        [1e+00, 1e+00]
Presolve removed 6135 rows and 4 columns
Presolve time: 0.12s
Presolved: 82 rows, 96 columns, 7872 nonzeros

Iteration    Objective       Primal Inf.    Dual Inf.      Time
       0    0.0000000e+00   5.500000e+01   0.000000e+00      0s
      47    2.4000000e+00   0.000000e+00   0.000000e+00      0s

Solved in 47 iterations and 0.14 seconds (0.29 work units)
Optimal objective  2.400000000e+00
[0.0, 0.0, 0.0, 0.0, 0.0, 0.0, 0.0, 0.0, 0.0, 0.0, 0.0, 0.0, 0.0, 0.0, 0.0, 0.0, 0.0, 0.0, 0.0, 0.0, 0.0, 0.0, 0.0, 0.4, 0.0, 0.0, 0.0, 0.0, 0.0, 0.0, 0.0, 0.0, 0.0, 0.0, 0.0, 0.0, 0.0, 0.0, 0.0, 0.0, 0.0, 0.0, 0.0, 0.0, 0.0, 0.0, 0.0, 0.0, 0.0, 0.0, 0.09999999999999998, 0.0, 0.0, 0.0, 0.0, 0.29999999999999993, 0.0, 0.0, 0.0, 0.0, 0.0, 0.0, 0.0, 0.0, 0.20000000000000007, 0.0, 0.0, 0.0, 0.0, 0.0, 0.7000000000000001, 0.2, 0.0, 0.19999999999999998, 0.0, 0.0, 0.0, 0.0, 0.0, 0.0, 0.0, 0.0, 0.0, 0.0, 0.0, 0.30000000000000016, 0.0, 0.0, 0.0, 0.0, 0.0, 0.0, 0.0, 0.0, 0.0, 0.0, 0.0, 0.0, 0.0, 0.0]
Set parameter Threads to value 8
Gurobi Optimizer version 10.0.0 build v10.0.0rc2 (linux64)

CPU model: Intel(R) Xeon(R) Gold 6336Y CPU @ 2.40GHz, instruction set [SSE2|AVX|AVX2|AVX512]
Thread count: 48 physical cores, 48 logical processors, using up to 8 threads

Optimize a model with 6218 rows, 100 columns and 621800 nonzeros
Model fingerprint: 0x2a62da34
Coefficient statistics:
  Matrix range     [1e+00, 1e+00]
  Objective range  [1e+00, 1e+00]
  Bounds range     [0e+00, 0e+00]
  RHS range        [1e+00, 1e+00]
Presolve removed 6129 rows and 4 columns
Presolve time: 0.11s
Presolved: 89 rows, 96 columns, 8544 nonzeros

Iteration    Objective       Primal Inf.    Dual Inf.      Time
       0    0.0000000e+00   5.700000e+01   0.000000e+00      0s
      44    2.7500000e+00   0.000000e+00   0.000000e+00      0s

Solved in 44 iterations and 0.12 seconds (0.28 work units)
Optimal objective  2.750000000e+00
[0.0, 0.0, 0.125, 0.0, 0.25, 0.0, 0.0, 0.0, 0.0, 0.0, 0.125, 0.0, 0.0, 0.125, 0.125, 0.0, 0.0, 0.0, 0.0, 0.125, 0.0, 0.0, 0.0, 0.0, 0.0, 0.0, 0.0, 0.0, 0.0, 0.0, 0.0, 0.0, 0.0, 0.0, 0.0, 0.0, 0.0, 0.0, 0.0, 0.0, 0.0, 0.125, 0.0, 0.0, 0.0, 0.0, 0.0, 0.0, 0.0, 0.0, 0.0, 0.125, 0.0, 0.0, 0.0, 0.0, 0.125, 0.0, 0.0, 0.25, 0.0, 0.375, 0.0, 0.25, 0.0, 0.25, 0.0, 0.0, 0.0, 0.0, 0.0, 0.0, 0.0, 0.0, 0.0, 0.0, 0.0, 0.0, 0.0, 0.0, 0.0, 0.0, 0.0, 0.0, 0.0, 0.0, 0.0, 0.0, 0.375, 0.0, 0.0, 0.0, 0.0, 0.0, 0.0, 0.0, 0.0, 0.0, 0.0, 0.0]
Set parameter Threads to value 8
Gurobi Optimizer version 10.0.0 build v10.0.0rc2 (linux64)

CPU model: Intel(R) Xeon(R) Gold 6336Y CPU @ 2.40GHz, instruction set [SSE2|AVX|AVX2|AVX512]
Thread count: 48 physical cores, 48 logical processors, using up to 8 threads

Optimize a model with 6218 rows, 100 columns and 621800 nonzeros
Model fingerprint: 0xa9bad447
Coefficient statistics:
  Matrix range     [1e+00, 1e+00]
  Objective range  [1e+00, 1e+00]
  Bounds range     [0e+00, 0e+00]
  RHS range        [1e+00, 1e+00]
Presolve removed 6139 rows and 3 columns
Presolve time: 0.15s
Presolved: 79 rows, 97 columns, 7663 nonzeros

Iteration    Objective       Primal Inf.    Dual Inf.      Time
       0    0.0000000e+00   4.800000e+01   0.000000e+00      0s
      41    2.0000000e+00   0.000000e+00   0.000000e+00      0s

Solved in 41 iterations and 0.17 seconds (0.28 work units)
Optimal objective  2.000000000e+00
[0.0, 0.0, 0.0, 0.0, 0.0, 0.0, 0.25, 0.0, 0.0, 0.0, 0.0, 0.0, 0.0, 0.0, 0.0, 0.0, 0.0, 0.0, 0.0, 0.0, 0.0, 0.25, 0.0, 0.0, 0.0, 0.0, 0.0, 0.0, 0.0, 0.0, 0.0, 0.0, 0.0, 0.0, 0.0, 0.0, 0.0, 0.0, 0.0, 0.0, 0.0, 0.25, 0.0, 0.0, 0.0, 0.0, 0.0, 0.0, 0.0, 0.0, 0.0, 0.0, 0.0, 0.0, 0.0, 0.0, 0.0, 0.0, 0.25, 0.25, 0.0, 0.0, 0.0, 0.0, 0.0, 0.0, 0.0, 0.0, 0.0, 0.0, 0.0, 0.0, 0.0, 0.0, 0.0, 0.0, 0.0, 0.5, 0.0, 0.0, 0.0, 0.0, 0.0, 0.0, 0.0, 0.0, 0.0, 0.0, 0.0, 0.0, 0.0, 0.0, 0.25, 0.0, 0.0, 0.0, 0.0, 0.0, 0.0, 0.0]
Set parameter Threads to value 8
Gurobi Optimizer version 10.0.0 build v10.0.0rc2 (linux64)

CPU model: Intel(R) Xeon(R) Gold 6336Y CPU @ 2.40GHz, instruction set [SSE2|AVX|AVX2|AVX512]
Thread count: 48 physical cores, 48 logical processors, using up to 8 threads

Optimize a model with 6218 rows, 100 columns and 621800 nonzeros
Model fingerprint: 0xc4812707
Coefficient statistics:
  Matrix range     [1e+00, 1e+00]
  Objective range  [1e+00, 1e+00]
  Bounds range     [0e+00, 0e+00]
  RHS range        [1e+00, 1e+00]
Presolve removed 6138 rows and 9 columns
Presolve time: 0.11s
Presolved: 80 rows, 91 columns, 7280 nonzeros

Iteration    Objective       Primal Inf.    Dual Inf.      Time
       0    0.0000000e+00   4.800000e+01   0.000000e+00      0s
      42    3.3333333e+00   0.000000e+00   0.000000e+00      0s

Solved in 42 iterations and 0.12 seconds (0.28 work units)
Optimal objective  3.333333333e+00
[0.0, 0.0, 0.0, 0.0, 0.0, 0.0, 0.0, 0.0, 0.16666666666666663, 0.0, 0.0, 0.0, 0.0, 0.0, 0.0, 0.0, 0.0, 0.0, 0.0, 0.0, 0.0, 0.0, 0.0, 0.0, 0.0, 0.0, 0.08333333333333333, 0.0, 0.0, 0.0, 0.0, 0.0, 0.0, 0.0, 0.0, 0.0, 0.25, 0.25, 0.0, 0.16666666666666669, 0.0, 0.0, 0.0, 0.0, 0.0, 0.25000000000000006, 0.0, 0.0, 0.5, 0.0, 0.0, 0.0, 0.0, 0.33333333333333337, 0.0, 0.0, 0.0, 0.0, 0.08333333333333331, 0.0, 0.0, 0.0, 0.0, 0.0, 0.0, 0.0, 0.0, 0.0, 0.0, 0.3333333333333333, 0.0, 0.0, 0.0, 0.9166666666666667, 0.0, 0.0, 0.0, 0.0, 0.0, 0.0, 0.0, 0.0, 0.0, 0.0, 0.0, 0.0, 0.0, 0.0, 0.0, 0.0, 0.0, 0.0, 0.0, 0.0, 0.0, 0.0, 0.0, 0.0, 0.0, 0.0]
